[2020-09-05T10:56:15.992822+00:00] App\Logger.DEBUG: [{"account_id":5,"token":"asd"}] [] []
[2020-09-05T10:56:15.992822+00:00] App\Logger.DEBUG: [{"account_id":3,"token":"asd"}] [] []
[2020-09-05T10:56:16.988301+00:00] App\Logger.DEBUG: [{"account_id":1,"token":"asd"},{"account_id":1,"token":"asd"}] [] []
[2020-09-05T10:56:16.991188+00:00] App\Logger.DEBUG: [{"account_id":4,"token":"asd"},{"account_id":4,"token":"asd"}] [] []
[2020-09-05T10:57:20.122059+00:00] App\Logger.DEBUG: {"account_id":1,"token":"asd"} [] []
[2020-09-05T10:57:20.129829+00:00] App\Logger.DEBUG: {"account_id":3,"token":"asd"} [] []
[2020-09-05T10:57:20.131415+00:00] App\Logger.DEBUG: {"account_id":5,"token":"asd"} [] []
[2020-09-05T10:57:20.131415+00:00] App\Logger.DEBUG: {"account_id":4,"token":"asd"} [] []
[2020-09-05T10:57:21.127149+00:00] App\Logger.DEBUG: {"account_id":1,"token":"asd"} [] []
[2020-09-05T10:57:21.136166+00:00] App\Logger.DEBUG: {"account_id":4,"token":"asd"} [] []
[2020-09-05T10:58:21.652972+00:00] App\Logger.DEBUG: {"account_id":676,"example_token":1460} [] []
[2020-09-05T10:58:21.652970+00:00] App\Logger.DEBUG: {"account_id":821,"example_token":1185} [] []
[2020-09-05T10:58:21.653147+00:00] App\Logger.DEBUG: {"account_id":717,"example_token":1877} [] []
[2020-09-05T10:58:21.652970+00:00] App\Logger.DEBUG: {"account_id":828,"example_token":1479} [] []
[2020-09-05T10:58:21.656272+00:00] App\Logger.DEBUG: {"account_id":752,"example_token":1892} [] []
[2020-09-05T10:58:21.656323+00:00] App\Logger.DEBUG: {"account_id":292,"example_token":1264} [] []
[2020-09-05T10:58:21.653396+00:00] App\Logger.DEBUG: {"account_id":982,"example_token":1645} [] []
[2020-09-05T10:58:21.656783+00:00] App\Logger.DEBUG: {"account_id":921,"example_token":1024} [] []
[2020-09-05T10:58:21.658567+00:00] App\Logger.DEBUG: {"account_id":474,"example_token":1258} [] []
[2020-09-05T10:58:21.658884+00:00] App\Logger.DEBUG: {"account_id":730,"example_token":1744} [] []
[2020-09-05T10:58:21.659162+00:00] App\Logger.DEBUG: {"account_id":399,"example_token":1321} [] []
[2020-09-05T10:58:21.660398+00:00] App\Logger.DEBUG: {"account_id":304,"example_token":1844} [] []
[2020-09-05T10:58:21.661095+00:00] App\Logger.DEBUG: {"account_id":624,"example_token":1895} [] []
[2020-09-05T10:58:21.661852+00:00] App\Logger.DEBUG: {"account_id":987,"example_token":1197} [] []
[2020-09-05T10:58:21.661778+00:00] App\Logger.DEBUG: {"account_id":516,"example_token":1841} [] []
[2020-09-05T10:58:21.663633+00:00] App\Logger.DEBUG: {"account_id":324,"example_token":1361} [] []
[2020-09-05T10:58:21.664199+00:00] App\Logger.DEBUG: {"account_id":346,"example_token":1914} [] []
[2020-09-05T10:58:21.670475+00:00] App\Logger.DEBUG: {"account_id":594,"example_token":1142} [] []
[2020-09-05T10:58:21.670495+00:00] App\Logger.DEBUG: {"account_id":922,"example_token":1921} [] []
[2020-09-05T10:58:21.670827+00:00] App\Logger.DEBUG: {"account_id":556,"example_token":1558} [] []
[2020-09-05T10:58:21.670476+00:00] App\Logger.DEBUG: {"account_id":819,"example_token":1909} [] []
[2020-09-05T10:58:21.672258+00:00] App\Logger.DEBUG: {"account_id":229,"example_token":1060} [] []
[2020-09-05T10:58:21.672932+00:00] App\Logger.DEBUG: {"account_id":897,"example_token":1328} [] []
[2020-09-05T10:58:21.673706+00:00] App\Logger.DEBUG: {"account_id":210,"example_token":1951} [] []
[2020-09-05T10:58:21.674453+00:00] App\Logger.DEBUG: {"account_id":909,"example_token":1718} [] []
[2020-09-05T10:58:21.674990+00:00] App\Logger.DEBUG: {"account_id":755,"example_token":1303} [] []
[2020-09-05T10:58:21.674453+00:00] App\Logger.DEBUG: {"account_id":205,"example_token":1548} [] []
[2020-09-05T10:58:21.676756+00:00] App\Logger.DEBUG: {"account_id":25,"example_token":1789} [] []
[2020-09-05T10:58:21.676780+00:00] App\Logger.DEBUG: {"account_id":543,"example_token":1962} [] []
[2020-09-05T10:58:21.677869+00:00] App\Logger.DEBUG: {"account_id":808,"example_token":1040} [] []
[2020-09-05T10:58:21.677885+00:00] App\Logger.DEBUG: {"account_id":259,"example_token":1445} [] []
[2020-09-05T10:58:21.679082+00:00] App\Logger.DEBUG: {"account_id":174,"example_token":1865} [] []
[2020-09-05T10:58:22.655993+00:00] App\Logger.DEBUG: {"account_id":676,"example_token":1201} [] []
[2020-09-05T10:58:22.662560+00:00] App\Logger.DEBUG: {"account_id":982,"example_token":1303} [] []
[2020-09-05T10:58:22.668197+00:00] App\Logger.DEBUG: {"account_id":105,"example_token":1592} [] []
[2020-09-05T10:58:22.668244+00:00] App\Logger.DEBUG: {"account_id":517,"example_token":1725} [] []
[2020-09-05T10:58:22.668322+00:00] App\Logger.DEBUG: {"account_id":869,"example_token":1143} [] []
[2020-09-05T10:58:22.668582+00:00] App\Logger.DEBUG: {"account_id":794,"example_token":1572} [] []
[2020-09-05T10:58:22.668554+00:00] App\Logger.DEBUG: {"account_id":905,"example_token":1925} [] []
[2020-09-05T10:58:22.668301+00:00] App\Logger.DEBUG: {"account_id":524,"example_token":1607} [] []
[2020-09-05T10:58:22.668875+00:00] App\Logger.DEBUG: {"account_id":722,"example_token":1191} [] []
[2020-09-05T10:58:22.668633+00:00] App\Logger.DEBUG: {"account_id":782,"example_token":1350} [] []
[2020-09-05T10:58:22.668972+00:00] App\Logger.DEBUG: {"account_id":999,"example_token":1020} [] []
[2020-09-05T10:58:22.669291+00:00] App\Logger.DEBUG: {"account_id":123,"example_token":1936} [] []
[2020-09-05T10:58:22.669317+00:00] App\Logger.DEBUG: {"account_id":607,"example_token":1877} [] []
[2020-09-05T10:58:22.669319+00:00] App\Logger.DEBUG: {"account_id":339,"example_token":1933} [] []
[2020-09-05T10:58:22.669509+00:00] App\Logger.DEBUG: {"account_id":871,"example_token":1740} [] []
[2020-09-05T10:58:22.669583+00:00] App\Logger.DEBUG: {"account_id":555,"example_token":1821} [] []
[2020-09-05T10:58:22.669746+00:00] App\Logger.DEBUG: {"account_id":327,"example_token":1404} [] []
[2020-09-05T10:58:22.677309+00:00] App\Logger.DEBUG: {"account_id":28,"example_token":1063} [] []
[2020-09-05T10:58:22.681249+00:00] App\Logger.DEBUG: {"account_id":808,"example_token":1443} [] []
[2020-09-05T10:58:22.681283+00:00] App\Logger.DEBUG: {"account_id":588,"example_token":1032} [] []
[2020-09-05T10:58:22.681292+00:00] App\Logger.DEBUG: {"account_id":414,"example_token":1743} [] []
[2020-09-05T10:58:22.681369+00:00] App\Logger.DEBUG: {"account_id":671,"example_token":1499} [] []
[2020-09-05T10:58:22.681563+00:00] App\Logger.DEBUG: {"account_id":114,"example_token":1567} [] []
[2020-09-05T10:58:22.681778+00:00] App\Logger.DEBUG: {"account_id":915,"example_token":1436} [] []
[2020-09-05T10:58:22.681785+00:00] App\Logger.DEBUG: {"account_id":55,"example_token":1985} [] []
[2020-09-05T10:58:22.681921+00:00] App\Logger.DEBUG: {"account_id":545,"example_token":1921} [] []
[2020-09-05T10:58:22.681946+00:00] App\Logger.DEBUG: {"account_id":748,"example_token":1650} [] []
[2020-09-05T10:58:22.682167+00:00] App\Logger.DEBUG: {"account_id":927,"example_token":1214} [] []
[2020-09-05T10:58:22.682380+00:00] App\Logger.DEBUG: {"account_id":621,"example_token":1045} [] []
[2020-09-05T10:58:22.682385+00:00] App\Logger.DEBUG: {"account_id":882,"example_token":1427} [] []
[2020-09-05T10:58:22.682730+00:00] App\Logger.DEBUG: {"account_id":390,"example_token":1958} [] []
[2020-09-05T10:58:22.682828+00:00] App\Logger.DEBUG: {"account_id":291,"example_token":1253} [] []
[2020-09-05T10:58:23.662710+00:00] App\Logger.DEBUG: {"account_id":266,"example_token":1117} [] []
[2020-09-05T10:58:23.669029+00:00] App\Logger.DEBUG: {"account_id":667,"example_token":1762} [] []
[2020-09-05T10:58:23.671639+00:00] App\Logger.DEBUG: {"account_id":524,"example_token":1901} [] []
[2020-09-05T10:58:23.674483+00:00] App\Logger.DEBUG: {"account_id":731,"example_token":1813} [] []
[2020-09-05T10:58:23.674494+00:00] App\Logger.DEBUG: {"account_id":931,"example_token":1160} [] []
[2020-09-05T10:58:23.674455+00:00] App\Logger.DEBUG: {"account_id":683,"example_token":1428} [] []
[2020-09-05T10:58:23.674572+00:00] App\Logger.DEBUG: {"account_id":134,"example_token":1198} [] []
[2020-09-05T10:58:23.674752+00:00] App\Logger.DEBUG: {"account_id":834,"example_token":1007} [] []
[2020-09-05T10:58:23.674753+00:00] App\Logger.DEBUG: {"account_id":595,"example_token":1572} [] []
[2020-09-05T10:58:23.674992+00:00] App\Logger.DEBUG: {"account_id":465,"example_token":1338} [] []
[2020-09-05T10:58:23.675042+00:00] App\Logger.DEBUG: {"account_id":232,"example_token":1875} [] []
[2020-09-05T10:58:23.675046+00:00] App\Logger.DEBUG: {"account_id":135,"example_token":1111} [] []
[2020-09-05T10:58:23.675194+00:00] App\Logger.DEBUG: {"account_id":84,"example_token":1914} [] []
[2020-09-05T10:58:23.675278+00:00] App\Logger.DEBUG: {"account_id":107,"example_token":1976} [] []
[2020-09-05T10:58:23.675264+00:00] App\Logger.DEBUG: {"account_id":709,"example_token":1959} [] []
[2020-09-05T10:58:23.675297+00:00] App\Logger.DEBUG: {"account_id":638,"example_token":1820} [] []
[2020-09-05T10:58:23.675352+00:00] App\Logger.DEBUG: {"account_id":981,"example_token":1911} [] []
[2020-09-05T10:58:23.681007+00:00] App\Logger.DEBUG: {"account_id":875,"example_token":1972} [] []
[2020-09-05T10:58:23.686855+00:00] App\Logger.DEBUG: {"account_id":186,"example_token":1707} [] []
[2020-09-05T10:58:23.686766+00:00] App\Logger.DEBUG: {"account_id":319,"example_token":1452} [] []
[2020-09-05T10:58:23.686832+00:00] App\Logger.DEBUG: {"account_id":840,"example_token":1628} [] []
[2020-09-05T10:58:23.687163+00:00] App\Logger.DEBUG: {"account_id":73,"example_token":1722} [] []
[2020-09-05T10:58:23.687315+00:00] App\Logger.DEBUG: {"account_id":860,"example_token":1204} [] []
[2020-09-05T10:58:23.687337+00:00] App\Logger.DEBUG: {"account_id":733,"example_token":1242} [] []
[2020-09-05T10:58:23.687085+00:00] App\Logger.DEBUG: {"account_id":710,"example_token":1368} [] []
[2020-09-05T10:58:23.687335+00:00] App\Logger.DEBUG: {"account_id":864,"example_token":1917} [] []
[2020-09-05T10:58:23.687084+00:00] App\Logger.DEBUG: {"account_id":19,"example_token":1401} [] []
[2020-09-05T10:58:23.687636+00:00] App\Logger.DEBUG: {"account_id":118,"example_token":1461} [] []
[2020-09-05T10:58:23.687647+00:00] App\Logger.DEBUG: {"account_id":269,"example_token":1907} [] []
[2020-09-05T10:58:23.686904+00:00] App\Logger.DEBUG: {"account_id":462,"example_token":1041} [] []
[2020-09-05T10:58:23.687722+00:00] App\Logger.DEBUG: {"account_id":743,"example_token":1797} [] []
[2020-09-05T10:58:24.669033+00:00] App\Logger.DEBUG: {"account_id":943,"example_token":1132} [] []
[2020-09-05T10:58:24.672774+00:00] App\Logger.DEBUG: {"account_id":974,"example_token":1131} [] []
[2020-09-05T10:58:24.672776+00:00] App\Logger.DEBUG: {"account_id":721,"example_token":1286} [] []
[2020-09-05T10:58:24.680168+00:00] App\Logger.DEBUG: {"account_id":731,"example_token":1740} [] []
[2020-09-05T10:58:24.692059+00:00] App\Logger.DEBUG: {"account_id":552,"example_token":1800} [] []
[2020-09-05T10:58:25.695991+00:00] App\Logger.DEBUG: {"account_id":1000,"example_token":1163} [] []
[2020-09-05T10:58:25.695990+00:00] App\Logger.DEBUG: {"account_id":567,"example_token":1588} [] []
[2020-09-05T10:58:25.695991+00:00] App\Logger.DEBUG: {"account_id":1,"example_token":1034} [] []
[2020-09-05T10:58:25.696134+00:00] App\Logger.DEBUG: {"account_id":945,"example_token":1063} [] []
[2020-09-05T10:58:25.696383+00:00] App\Logger.DEBUG: {"account_id":48,"example_token":1333} [] []
[2020-09-05T10:58:25.696337+00:00] App\Logger.DEBUG: {"account_id":173,"example_token":1609} [] []
[2020-09-05T10:58:25.696382+00:00] App\Logger.DEBUG: {"account_id":835,"example_token":1263} [] []
[2020-09-05T10:58:25.696692+00:00] App\Logger.DEBUG: {"account_id":146,"example_token":1605} [] []
[2020-09-05T10:58:25.696595+00:00] App\Logger.DEBUG: {"account_id":571,"example_token":1335} [] []
[2020-09-05T10:58:25.696811+00:00] App\Logger.DEBUG: {"account_id":320,"example_token":1336} [] []
[2020-09-05T10:58:25.696957+00:00] App\Logger.DEBUG: {"account_id":692,"example_token":1378} [] []
[2020-09-05T10:58:25.696958+00:00] App\Logger.DEBUG: {"account_id":902,"example_token":1161} [] []
[2020-09-05T10:58:25.697182+00:00] App\Logger.DEBUG: {"account_id":217,"example_token":1023} [] []
[2020-09-05T10:58:25.697294+00:00] App\Logger.DEBUG: {"account_id":636,"example_token":1366} [] []
[2020-09-05T10:58:25.697359+00:00] App\Logger.DEBUG: {"account_id":487,"example_token":1034} [] []
[2020-09-05T10:58:25.697770+00:00] App\Logger.DEBUG: {"account_id":434,"example_token":1220} [] []
[2020-09-05T10:58:25.697849+00:00] App\Logger.DEBUG: {"account_id":977,"example_token":1075} [] []
[2020-09-05T10:58:25.698013+00:00] App\Logger.DEBUG: {"account_id":875,"example_token":1849} [] []
[2020-09-05T10:58:25.697363+00:00] App\Logger.DEBUG: {"account_id":478,"example_token":1702} [] []
[2020-09-05T10:58:25.697976+00:00] App\Logger.DEBUG: {"account_id":150,"example_token":1365} [] []
[2020-09-05T10:58:25.698248+00:00] App\Logger.DEBUG: {"account_id":658,"example_token":1152} [] []
[2020-09-05T10:58:25.698194+00:00] App\Logger.DEBUG: {"account_id":310,"example_token":1735} [] []
[2020-09-05T10:58:25.698264+00:00] App\Logger.DEBUG: {"account_id":777,"example_token":1497} [] []
[2020-09-05T10:58:25.698485+00:00] App\Logger.DEBUG: {"account_id":946,"example_token":1089} [] []
[2020-09-05T10:58:25.698745+00:00] App\Logger.DEBUG: {"account_id":342,"example_token":1742} [] []
[2020-09-05T10:58:25.699189+00:00] App\Logger.DEBUG: {"account_id":948,"example_token":1667} [] []
[2020-09-05T10:58:25.698519+00:00] App\Logger.DEBUG: {"account_id":65,"example_token":1226} [] []
[2020-09-05T10:58:25.699368+00:00] App\Logger.DEBUG: {"account_id":216,"example_token":1395} [] []
[2020-09-05T10:58:25.699192+00:00] App\Logger.DEBUG: {"account_id":666,"example_token":1082} [] []
[2020-09-05T10:58:25.699157+00:00] App\Logger.DEBUG: {"account_id":569,"example_token":1393} [] []
[2020-09-05T10:58:25.699533+00:00] App\Logger.DEBUG: {"account_id":135,"example_token":1257} [] []
[2020-09-05T10:58:25.698770+00:00] App\Logger.DEBUG: {"account_id":570,"example_token":1320} [] []
[2020-09-05T10:58:26.702877+00:00] App\Logger.DEBUG: {"account_id":1,"example_token":1500} [] []
[2020-09-05T10:58:26.702879+00:00] App\Logger.DEBUG: {"account_id":692,"example_token":1703} [] []
[2020-09-05T10:58:26.702883+00:00] App\Logger.DEBUG: {"account_id":946,"example_token":1883} [] []
[2020-09-05T10:58:26.703030+00:00] App\Logger.DEBUG: {"account_id":712,"example_token":1100} [] []
[2020-09-05T10:58:26.703059+00:00] App\Logger.DEBUG: {"account_id":119,"example_token":1390} [] []
[2020-09-05T10:58:26.703089+00:00] App\Logger.DEBUG: {"account_id":776,"example_token":1933} [] []
[2020-09-05T10:58:26.703353+00:00] App\Logger.DEBUG: {"account_id":344,"example_token":1134} [] []
[2020-09-05T10:58:26.703406+00:00] App\Logger.DEBUG: {"account_id":802,"example_token":1132} [] []
[2020-09-05T10:58:26.703618+00:00] App\Logger.DEBUG: {"account_id":916,"example_token":1818} [] []
[2020-09-05T10:58:26.703658+00:00] App\Logger.DEBUG: {"account_id":783,"example_token":1189} [] []
[2020-09-05T10:58:26.703628+00:00] App\Logger.DEBUG: {"account_id":106,"example_token":1679} [] []
[2020-09-05T10:58:26.703785+00:00] App\Logger.DEBUG: {"account_id":259,"example_token":1214} [] []
[2020-09-05T10:58:26.703963+00:00] App\Logger.DEBUG: {"account_id":20,"example_token":1202} [] []
[2020-09-05T10:58:26.703987+00:00] App\Logger.DEBUG: {"account_id":999,"example_token":1866} [] []
[2020-09-05T10:58:26.704113+00:00] App\Logger.DEBUG: {"account_id":128,"example_token":1701} [] []
[2020-09-05T10:58:26.704469+00:00] App\Logger.DEBUG: {"account_id":603,"example_token":1095} [] []
[2020-09-05T10:58:26.704523+00:00] App\Logger.DEBUG: {"account_id":299,"example_token":1200} [] []
[2020-09-05T10:58:26.704704+00:00] App\Logger.DEBUG: {"account_id":650,"example_token":1796} [] []
[2020-09-05T10:58:26.704885+00:00] App\Logger.DEBUG: {"account_id":955,"example_token":1173} [] []
[2020-09-05T10:58:26.704942+00:00] App\Logger.DEBUG: {"account_id":599,"example_token":1372} [] []
[2020-09-05T10:58:26.705094+00:00] App\Logger.DEBUG: {"account_id":587,"example_token":1720} [] []
[2020-09-05T10:58:26.703971+00:00] App\Logger.DEBUG: {"account_id":178,"example_token":1973} [] []
[2020-09-05T10:58:26.705275+00:00] App\Logger.DEBUG: {"account_id":461,"example_token":1180} [] []
[2020-09-05T10:58:26.705442+00:00] App\Logger.DEBUG: {"account_id":488,"example_token":1762} [] []
[2020-09-05T10:58:26.705780+00:00] App\Logger.DEBUG: {"account_id":240,"example_token":1402} [] []
[2020-09-05T10:58:26.705766+00:00] App\Logger.DEBUG: {"account_id":634,"example_token":1622} [] []
[2020-09-05T10:58:26.706056+00:00] App\Logger.DEBUG: {"account_id":441,"example_token":1160} [] []
[2020-09-05T10:58:26.704736+00:00] App\Logger.DEBUG: {"account_id":915,"example_token":1047} [] []
[2020-09-05T10:58:26.706118+00:00] App\Logger.DEBUG: {"account_id":350,"example_token":1118} [] []
[2020-09-05T10:58:26.706284+00:00] App\Logger.DEBUG: {"account_id":761,"example_token":1509} [] []
[2020-09-05T10:58:26.706063+00:00] App\Logger.DEBUG: {"account_id":29,"example_token":1440} [] []
[2020-09-05T10:58:26.705064+00:00] App\Logger.DEBUG: {"account_id":760,"example_token":1830} [] []
[2020-09-05T10:58:27.711531+00:00] App\Logger.DEBUG: {"account_id":634,"example_token":1294} [] []
[2020-09-05T10:58:27.711531+00:00] App\Logger.DEBUG: {"account_id":610,"example_token":1778} [] []
[2020-09-05T10:58:27.711576+00:00] App\Logger.DEBUG: {"account_id":377,"example_token":1840} [] []
[2020-09-05T10:58:27.711623+00:00] App\Logger.DEBUG: {"account_id":406,"example_token":1812} [] []
[2020-09-05T10:58:27.711906+00:00] App\Logger.DEBUG: {"account_id":829,"example_token":1220} [] []
[2020-09-05T10:58:27.711914+00:00] App\Logger.DEBUG: {"account_id":562,"example_token":1218} [] []
[2020-09-05T10:58:27.712050+00:00] App\Logger.DEBUG: {"account_id":358,"example_token":1786} [] []
[2020-09-05T10:58:27.712058+00:00] App\Logger.DEBUG: {"account_id":317,"example_token":1367} [] []
[2020-09-05T10:58:27.712327+00:00] App\Logger.DEBUG: {"account_id":669,"example_token":1702} [] []
[2020-09-05T10:58:27.712346+00:00] App\Logger.DEBUG: {"account_id":169,"example_token":1495} [] []
[2020-09-05T10:58:27.712500+00:00] App\Logger.DEBUG: {"account_id":703,"example_token":1586} [] []
[2020-09-05T10:58:27.712414+00:00] App\Logger.DEBUG: {"account_id":182,"example_token":1633} [] []
[2020-09-05T10:58:27.712607+00:00] App\Logger.DEBUG: {"account_id":154,"example_token":1440} [] []
[2020-09-05T10:58:27.712797+00:00] App\Logger.DEBUG: {"account_id":778,"example_token":1938} [] []
[2020-09-05T10:58:27.712900+00:00] App\Logger.DEBUG: {"account_id":580,"example_token":1490} [] []
[2020-09-05T10:58:27.712936+00:00] App\Logger.DEBUG: {"account_id":507,"example_token":1828} [] []
[2020-09-05T10:58:27.713024+00:00] App\Logger.DEBUG: {"account_id":824,"example_token":1865} [] []
[2020-09-05T10:58:27.713084+00:00] App\Logger.DEBUG: {"account_id":647,"example_token":1280} [] []
[2020-09-05T10:58:27.713135+00:00] App\Logger.DEBUG: {"account_id":71,"example_token":1532} [] []
[2020-09-05T10:58:27.713236+00:00] App\Logger.DEBUG: {"account_id":785,"example_token":1045} [] []
[2020-09-05T10:58:27.713348+00:00] App\Logger.DEBUG: {"account_id":751,"example_token":1749} [] []
[2020-09-05T10:58:27.713433+00:00] App\Logger.DEBUG: {"account_id":641,"example_token":1501} [] []
[2020-09-05T10:58:27.713532+00:00] App\Logger.DEBUG: {"account_id":143,"example_token":1901} [] []
[2020-09-05T10:58:27.713593+00:00] App\Logger.DEBUG: {"account_id":27,"example_token":1253} [] []
[2020-09-05T10:58:27.713658+00:00] App\Logger.DEBUG: {"account_id":827,"example_token":1124} [] []
[2020-09-05T10:58:27.714084+00:00] App\Logger.DEBUG: {"account_id":275,"example_token":1817} [] []
[2020-09-05T10:58:27.714158+00:00] App\Logger.DEBUG: {"account_id":483,"example_token":1863} [] []
[2020-09-05T10:58:27.714289+00:00] App\Logger.DEBUG: {"account_id":889,"example_token":1472} [] []
[2020-09-05T10:58:27.714432+00:00] App\Logger.DEBUG: {"account_id":894,"example_token":1992} [] []
[2020-09-05T10:58:27.712717+00:00] App\Logger.DEBUG: {"account_id":394,"example_token":1208} [] []
[2020-09-05T10:58:27.714466+00:00] App\Logger.DEBUG: {"account_id":6,"example_token":1829} [] []
[2020-09-05T10:58:27.716199+00:00] App\Logger.DEBUG: {"account_id":732,"example_token":1172} [] []
[2020-09-05T10:58:28.718884+00:00] App\Logger.DEBUG: {"account_id":152,"example_token":1965} [] []
[2020-09-05T10:58:28.718884+00:00] App\Logger.DEBUG: {"account_id":679,"example_token":1471} [] []
[2020-09-05T10:58:28.719194+00:00] App\Logger.DEBUG: {"account_id":984,"example_token":1563} [] []
[2020-09-05T10:58:28.722842+00:00] App\Logger.DEBUG: {"account_id":558,"example_token":1086} [] []
[2020-09-05T10:58:29.725567+00:00] App\Logger.DEBUG: {"account_id":364,"example_token":1441} [] []
[2020-09-05T10:58:29.725606+00:00] App\Logger.DEBUG: {"account_id":373,"example_token":1837} [] []
[2020-09-05T10:58:29.725858+00:00] App\Logger.DEBUG: {"account_id":797,"example_token":1669} [] []
[2020-09-05T10:58:29.726082+00:00] App\Logger.DEBUG: {"account_id":734,"example_token":1203} [] []
[2020-09-05T10:58:29.728955+00:00] App\Logger.DEBUG: {"account_id":733,"example_token":1714} [] []
[2020-09-05T10:58:29.728969+00:00] App\Logger.DEBUG: {"account_id":758,"example_token":1730} [] []
[2020-09-05T10:58:29.729070+00:00] App\Logger.DEBUG: {"account_id":79,"example_token":1841} [] []
[2020-09-05T10:58:29.729058+00:00] App\Logger.DEBUG: {"account_id":132,"example_token":1604} [] []
[2020-09-05T10:58:29.731617+00:00] App\Logger.DEBUG: {"account_id":567,"example_token":1125} [] []
[2020-09-05T10:58:29.731815+00:00] App\Logger.DEBUG: {"account_id":203,"example_token":1768} [] []
[2020-09-05T10:58:29.731768+00:00] App\Logger.DEBUG: {"account_id":273,"example_token":1178} [] []
[2020-09-05T10:58:29.732058+00:00] App\Logger.DEBUG: {"account_id":215,"example_token":1441} [] []
[2020-09-05T10:58:29.732074+00:00] App\Logger.DEBUG: {"account_id":267,"example_token":2000} [] []
[2020-09-05T10:58:29.732016+00:00] App\Logger.DEBUG: {"account_id":687,"example_token":1970} [] []
[2020-09-05T10:58:29.731617+00:00] App\Logger.DEBUG: {"account_id":376,"example_token":1851} [] []
[2020-09-05T10:58:29.731617+00:00] App\Logger.DEBUG: {"account_id":228,"example_token":1604} [] []
[2020-09-05T10:58:29.732314+00:00] App\Logger.DEBUG: {"account_id":86,"example_token":1456} [] []
[2020-09-05T10:58:29.732295+00:00] App\Logger.DEBUG: {"account_id":415,"example_token":1845} [] []
[2020-09-05T10:58:29.731890+00:00] App\Logger.DEBUG: {"account_id":820,"example_token":1130} [] []
[2020-09-05T10:58:29.732077+00:00] App\Logger.DEBUG: {"account_id":500,"example_token":1810} [] []
[2020-09-05T10:58:29.733185+00:00] App\Logger.DEBUG: {"account_id":510,"example_token":1182} [] []
[2020-09-05T10:58:29.733191+00:00] App\Logger.DEBUG: {"account_id":90,"example_token":1001} [] []
[2020-09-05T10:58:29.733228+00:00] App\Logger.DEBUG: {"account_id":436,"example_token":1976} [] []
[2020-09-05T10:58:29.733371+00:00] App\Logger.DEBUG: {"account_id":43,"example_token":1775} [] []
[2020-09-05T10:58:29.733382+00:00] App\Logger.DEBUG: {"account_id":247,"example_token":1912} [] []
[2020-09-05T10:58:29.733515+00:00] App\Logger.DEBUG: {"account_id":322,"example_token":1555} [] []
[2020-09-05T10:58:29.733528+00:00] App\Logger.DEBUG: {"account_id":796,"example_token":1224} [] []
[2020-09-05T10:58:29.735496+00:00] App\Logger.DEBUG: {"account_id":423,"example_token":1842} [] []
[2020-09-05T10:58:29.735478+00:00] App\Logger.DEBUG: {"account_id":200,"example_token":1949} [] []
[2020-09-05T10:58:29.735565+00:00] App\Logger.DEBUG: {"account_id":91,"example_token":1742} [] []
[2020-09-05T10:58:29.735678+00:00] App\Logger.DEBUG: {"account_id":223,"example_token":1244} [] []
[2020-09-05T10:58:29.735813+00:00] App\Logger.DEBUG: {"account_id":919,"example_token":1494} [] []
[2020-09-05T10:58:30.732819+00:00] App\Logger.DEBUG: {"account_id":47,"example_token":1280} [] []
[2020-09-05T10:58:30.732819+00:00] App\Logger.DEBUG: {"account_id":519,"example_token":1196} [] []
[2020-09-05T10:58:30.732819+00:00] App\Logger.DEBUG: {"account_id":162,"example_token":1721} [] []
[2020-09-05T10:58:30.732819+00:00] App\Logger.DEBUG: {"account_id":979,"example_token":1755} [] []
[2020-09-05T10:58:30.733020+00:00] App\Logger.DEBUG: {"account_id":924,"example_token":1814} [] []
[2020-09-05T10:58:30.733165+00:00] App\Logger.DEBUG: {"account_id":670,"example_token":1360} [] []
[2020-09-05T10:58:30.733197+00:00] App\Logger.DEBUG: {"account_id":352,"example_token":1669} [] []
[2020-09-05T10:58:30.734214+00:00] App\Logger.DEBUG: {"account_id":90,"example_token":1581} [] []
[2020-09-05T10:58:30.734237+00:00] App\Logger.DEBUG: {"account_id":43,"example_token":1822} [] []
[2020-09-05T10:58:30.734221+00:00] App\Logger.DEBUG: {"account_id":467,"example_token":1086} [] []
[2020-09-05T10:58:30.739220+00:00] App\Logger.DEBUG: {"account_id":939,"example_token":1328} [] []
[2020-09-05T10:58:30.739219+00:00] App\Logger.DEBUG: {"account_id":369,"example_token":1049} [] []
[2020-09-05T10:58:30.739243+00:00] App\Logger.DEBUG: {"account_id":585,"example_token":1626} [] []
[2020-09-05T10:58:30.739739+00:00] App\Logger.DEBUG: {"account_id":10,"example_token":1838} [] []
[2020-09-05T10:58:30.739243+00:00] App\Logger.DEBUG: {"account_id":56,"example_token":1760} [] []
[2020-09-05T10:58:30.739983+00:00] App\Logger.DEBUG: {"account_id":989,"example_token":1267} [] []
[2020-09-05T10:58:30.739698+00:00] App\Logger.DEBUG: {"account_id":647,"example_token":1327} [] []
[2020-09-05T10:58:30.740511+00:00] App\Logger.DEBUG: {"account_id":908,"example_token":1341} [] []
[2020-09-05T10:58:30.740529+00:00] App\Logger.DEBUG: {"account_id":484,"example_token":1289} [] []
[2020-09-05T10:58:30.740648+00:00] App\Logger.DEBUG: {"account_id":22,"example_token":1693} [] []
[2020-09-05T10:58:30.740665+00:00] App\Logger.DEBUG: {"account_id":324,"example_token":1975} [] []
[2020-09-05T10:58:30.740782+00:00] App\Logger.DEBUG: {"account_id":131,"example_token":1628} [] []
[2020-09-05T10:58:30.740898+00:00] App\Logger.DEBUG: {"account_id":523,"example_token":1483} [] []
[2020-09-05T10:58:30.741123+00:00] App\Logger.DEBUG: {"account_id":651,"example_token":1967} [] []
[2020-09-05T10:58:30.741122+00:00] App\Logger.DEBUG: {"account_id":762,"example_token":1002} [] []
[2020-09-05T10:58:30.740943+00:00] App\Logger.DEBUG: {"account_id":627,"example_token":1142} [] []
[2020-09-05T10:58:30.741539+00:00] App\Logger.DEBUG: {"account_id":705,"example_token":1874} [] []
[2020-09-05T10:58:30.741539+00:00] App\Logger.DEBUG: {"account_id":400,"example_token":1063} [] []
[2020-09-05T10:58:30.741695+00:00] App\Logger.DEBUG: {"account_id":626,"example_token":1238} [] []
[2020-09-05T10:58:30.741803+00:00] App\Logger.DEBUG: {"account_id":966,"example_token":1469} [] []
[2020-09-05T10:58:30.742062+00:00] App\Logger.DEBUG: {"account_id":439,"example_token":1314} [] []
[2020-09-05T10:58:30.744053+00:00] App\Logger.DEBUG: {"account_id":814,"example_token":1605} [] []
[2020-09-05T10:58:31.739106+00:00] App\Logger.DEBUG: {"account_id":707,"example_token":1744} [] []
[2020-09-05T10:58:31.739232+00:00] App\Logger.DEBUG: {"account_id":753,"example_token":1962} [] []
[2020-09-05T10:58:31.739447+00:00] App\Logger.DEBUG: {"account_id":363,"example_token":1699} [] []
[2020-09-05T10:58:31.739731+00:00] App\Logger.DEBUG: {"account_id":874,"example_token":1198} [] []
[2020-09-05T10:58:31.739941+00:00] App\Logger.DEBUG: {"account_id":379,"example_token":1810} [] []
[2020-09-05T10:58:31.739736+00:00] App\Logger.DEBUG: {"account_id":667,"example_token":1471} [] []
[2020-09-05T10:58:31.740204+00:00] App\Logger.DEBUG: {"account_id":799,"example_token":1789} [] []
[2020-09-05T10:58:31.739106+00:00] App\Logger.DEBUG: {"account_id":763,"example_token":1057} [] []
[2020-09-05T10:58:31.740378+00:00] App\Logger.DEBUG: {"account_id":816,"example_token":1199} [] []
[2020-09-05T10:58:31.740204+00:00] App\Logger.DEBUG: {"account_id":81,"example_token":1031} [] []
[2020-09-05T10:58:31.747105+00:00] App\Logger.DEBUG: {"account_id":782,"example_token":1853} [] []
[2020-09-05T10:58:31.747387+00:00] App\Logger.DEBUG: {"account_id":498,"example_token":1789} [] []
[2020-09-05T10:58:31.747616+00:00] App\Logger.DEBUG: {"account_id":557,"example_token":1444} [] []
[2020-09-05T10:58:31.747621+00:00] App\Logger.DEBUG: {"account_id":712,"example_token":1759} [] []
[2020-09-05T10:58:31.748072+00:00] App\Logger.DEBUG: {"account_id":417,"example_token":1650} [] []
[2020-09-05T10:58:31.748209+00:00] App\Logger.DEBUG: {"account_id":795,"example_token":1906} [] []
[2020-09-05T10:58:31.748494+00:00] App\Logger.DEBUG: {"account_id":854,"example_token":1874} [] []
[2020-09-05T10:58:31.747148+00:00] App\Logger.DEBUG: {"account_id":315,"example_token":1971} [] []
[2020-09-05T10:58:31.748497+00:00] App\Logger.DEBUG: {"account_id":608,"example_token":1723} [] []
[2020-09-05T10:58:31.748598+00:00] App\Logger.DEBUG: {"account_id":304,"example_token":1843} [] []
[2020-09-05T10:58:31.752213+00:00] App\Logger.DEBUG: {"account_id":462,"example_token":1020} [] []
[2020-09-05T10:58:31.752233+00:00] App\Logger.DEBUG: {"account_id":152,"example_token":1928} [] []
[2020-09-05T10:58:31.752322+00:00] App\Logger.DEBUG: {"account_id":23,"example_token":1290} [] []
[2020-09-05T10:58:31.752500+00:00] App\Logger.DEBUG: {"account_id":148,"example_token":1140} [] []
[2020-09-05T10:58:31.752497+00:00] App\Logger.DEBUG: {"account_id":469,"example_token":1866} [] []
[2020-09-05T10:58:31.752500+00:00] App\Logger.DEBUG: {"account_id":972,"example_token":1490} [] []
[2020-09-05T10:58:31.752786+00:00] App\Logger.DEBUG: {"account_id":96,"example_token":1342} [] []
[2020-09-05T10:58:31.752882+00:00] App\Logger.DEBUG: {"account_id":163,"example_token":1454} [] []
[2020-09-05T10:58:31.753011+00:00] App\Logger.DEBUG: {"account_id":537,"example_token":1469} [] []
[2020-09-05T10:58:31.752917+00:00] App\Logger.DEBUG: {"account_id":646,"example_token":1850} [] []
[2020-09-05T10:58:31.752307+00:00] App\Logger.DEBUG: {"account_id":494,"example_token":1920} [] []
[2020-09-05T10:58:31.753080+00:00] App\Logger.DEBUG: {"account_id":803,"example_token":1855} [] []
[2020-09-05T10:58:32.746197+00:00] App\Logger.DEBUG: {"account_id":385,"example_token":1259} [] []
[2020-09-05T10:58:32.746197+00:00] App\Logger.DEBUG: {"account_id":399,"example_token":1926} [] []
[2020-09-05T10:58:32.746197+00:00] App\Logger.DEBUG: {"account_id":682,"example_token":1146} [] []
[2020-09-05T10:58:32.746197+00:00] App\Logger.DEBUG: {"account_id":151,"example_token":1003} [] []
[2020-09-05T10:58:33.752063+00:00] App\Logger.DEBUG: {"account_id":942,"example_token":1374} [] []
[2020-09-05T10:58:33.752115+00:00] App\Logger.DEBUG: {"account_id":912,"example_token":1905} [] []
[2020-09-05T10:58:33.752255+00:00] App\Logger.DEBUG: {"account_id":427,"example_token":1188} [] []
[2020-09-05T10:58:33.752229+00:00] App\Logger.DEBUG: {"account_id":235,"example_token":1736} [] []
[2020-09-05T10:58:33.752368+00:00] App\Logger.DEBUG: {"account_id":165,"example_token":1834} [] []
[2020-09-05T10:58:33.752466+00:00] App\Logger.DEBUG: {"account_id":40,"example_token":1157} [] []
[2020-09-05T10:58:33.752539+00:00] App\Logger.DEBUG: {"account_id":91,"example_token":1111} [] []
[2020-09-05T10:58:33.752747+00:00] App\Logger.DEBUG: {"account_id":132,"example_token":1914} [] []
[2020-09-05T10:58:33.752700+00:00] App\Logger.DEBUG: {"account_id":729,"example_token":1323} [] []
[2020-09-05T10:58:33.752837+00:00] App\Logger.DEBUG: {"account_id":585,"example_token":1349} [] []
[2020-09-05T10:58:33.752890+00:00] App\Logger.DEBUG: {"account_id":549,"example_token":1061} [] []
[2020-09-05T10:58:33.752848+00:00] App\Logger.DEBUG: {"account_id":499,"example_token":1197} [] []
[2020-09-05T10:58:33.753125+00:00] App\Logger.DEBUG: {"account_id":70,"example_token":1972} [] []
[2020-09-05T10:58:33.753197+00:00] App\Logger.DEBUG: {"account_id":272,"example_token":1082} [] []
[2020-09-05T10:58:33.753250+00:00] App\Logger.DEBUG: {"account_id":232,"example_token":1568} [] []
[2020-09-05T10:58:33.753337+00:00] App\Logger.DEBUG: {"account_id":959,"example_token":1153} [] []
[2020-09-05T10:58:33.753397+00:00] App\Logger.DEBUG: {"account_id":173,"example_token":1238} [] []
[2020-09-05T10:58:33.753596+00:00] App\Logger.DEBUG: {"account_id":804,"example_token":1212} [] []
[2020-09-05T10:58:33.753632+00:00] App\Logger.DEBUG: {"account_id":620,"example_token":1317} [] []
[2020-09-05T10:58:33.753784+00:00] App\Logger.DEBUG: {"account_id":82,"example_token":1213} [] []
[2020-09-05T10:58:33.753707+00:00] App\Logger.DEBUG: {"account_id":195,"example_token":1466} [] []
[2020-09-05T10:58:33.753994+00:00] App\Logger.DEBUG: {"account_id":561,"example_token":1340} [] []
[2020-09-05T10:58:33.754043+00:00] App\Logger.DEBUG: {"account_id":445,"example_token":1417} [] []
[2020-09-05T10:58:33.753757+00:00] App\Logger.DEBUG: {"account_id":766,"example_token":1093} [] []
[2020-09-05T10:58:33.756552+00:00] App\Logger.DEBUG: {"account_id":335,"example_token":1663} [] []
[2020-09-05T10:58:33.756542+00:00] App\Logger.DEBUG: {"account_id":411,"example_token":1152} [] []
[2020-09-05T10:58:33.756515+00:00] App\Logger.DEBUG: {"account_id":653,"example_token":1902} [] []
[2020-09-05T10:58:33.756731+00:00] App\Logger.DEBUG: {"account_id":510,"example_token":1729} [] []
[2020-09-05T10:58:33.756846+00:00] App\Logger.DEBUG: {"account_id":535,"example_token":1403} [] []
[2020-09-05T10:58:33.756903+00:00] App\Logger.DEBUG: {"account_id":78,"example_token":1002} [] []
[2020-09-05T10:58:33.757043+00:00] App\Logger.DEBUG: {"account_id":141,"example_token":1580} [] []
[2020-09-05T10:58:33.757068+00:00] App\Logger.DEBUG: {"account_id":302,"example_token":1452} [] []
[2020-09-05T10:58:34.756162+00:00] App\Logger.DEBUG: {"account_id":427,"example_token":1733} [] []
[2020-09-05T10:58:34.756165+00:00] App\Logger.DEBUG: {"account_id":235,"example_token":1608} [] []
[2020-09-05T10:58:34.756165+00:00] App\Logger.DEBUG: {"account_id":804,"example_token":1612} [] []
[2020-09-05T10:58:34.760093+00:00] App\Logger.DEBUG: {"account_id":472,"example_token":1427} [] []
[2020-09-05T10:58:34.760093+00:00] App\Logger.DEBUG: {"account_id":202,"example_token":1302} [] []
[2020-09-05T10:58:34.760093+00:00] App\Logger.DEBUG: {"account_id":687,"example_token":1295} [] []
[2020-09-05T10:58:34.760093+00:00] App\Logger.DEBUG: {"account_id":722,"example_token":1285} [] []
[2020-09-05T10:58:34.760378+00:00] App\Logger.DEBUG: {"account_id":591,"example_token":1323} [] []
[2020-09-05T10:58:34.760377+00:00] App\Logger.DEBUG: {"account_id":487,"example_token":1365} [] []
[2020-09-05T10:58:34.760642+00:00] App\Logger.DEBUG: {"account_id":797,"example_token":1359} [] []
[2020-09-05T10:58:34.760644+00:00] App\Logger.DEBUG: {"account_id":190,"example_token":1560} [] []
[2020-09-05T10:58:34.760797+00:00] App\Logger.DEBUG: {"account_id":417,"example_token":1049} [] []
[2020-09-05T10:58:34.761943+00:00] App\Logger.DEBUG: {"account_id":689,"example_token":1898} [] []
[2020-09-05T10:58:34.762127+00:00] App\Logger.DEBUG: {"account_id":633,"example_token":1070} [] []
[2020-09-05T10:58:34.761943+00:00] App\Logger.DEBUG: {"account_id":341,"example_token":1372} [] []
[2020-09-05T10:58:34.762161+00:00] App\Logger.DEBUG: {"account_id":628,"example_token":1243} [] []
[2020-09-05T10:58:34.762363+00:00] App\Logger.DEBUG: {"account_id":650,"example_token":1333} [] []
[2020-09-05T10:58:34.762372+00:00] App\Logger.DEBUG: {"account_id":196,"example_token":1067} [] []
[2020-09-05T10:58:34.762570+00:00] App\Logger.DEBUG: {"account_id":574,"example_token":1530} [] []
[2020-09-05T10:58:34.762622+00:00] App\Logger.DEBUG: {"account_id":248,"example_token":1117} [] []
[2020-09-05T10:58:34.762712+00:00] App\Logger.DEBUG: {"account_id":289,"example_token":1092} [] []
[2020-09-05T10:58:34.762759+00:00] App\Logger.DEBUG: {"account_id":772,"example_token":1762} [] []
[2020-09-05T10:58:34.762721+00:00] App\Logger.DEBUG: {"account_id":185,"example_token":1670} [] []
[2020-09-05T10:58:34.762952+00:00] App\Logger.DEBUG: {"account_id":724,"example_token":1294} [] []
[2020-09-05T10:58:34.763001+00:00] App\Logger.DEBUG: {"account_id":182,"example_token":1234} [] []
[2020-09-05T10:58:34.763060+00:00] App\Logger.DEBUG: {"account_id":476,"example_token":1985} [] []
[2020-09-05T10:58:34.763224+00:00] App\Logger.DEBUG: {"account_id":277,"example_token":1258} [] []
[2020-09-05T10:58:34.763153+00:00] App\Logger.DEBUG: {"account_id":498,"example_token":1226} [] []
[2020-09-05T10:58:34.763430+00:00] App\Logger.DEBUG: {"account_id":800,"example_token":1223} [] []
[2020-09-05T10:58:34.763445+00:00] App\Logger.DEBUG: {"account_id":757,"example_token":1737} [] []
[2020-09-05T10:58:34.762415+00:00] App\Logger.DEBUG: {"account_id":35,"example_token":1248} [] []
[2020-09-05T10:58:34.763534+00:00] App\Logger.DEBUG: {"account_id":747,"example_token":1915} [] []
[2020-09-05T10:58:35.759826+00:00] App\Logger.DEBUG: {"account_id":405,"example_token":1642} [] []
[2020-09-05T10:58:35.759867+00:00] App\Logger.DEBUG: {"account_id":223,"example_token":1626} [] []
[2020-09-05T10:58:35.759867+00:00] App\Logger.DEBUG: {"account_id":532,"example_token":1080} [] []
[2020-09-05T10:58:35.763615+00:00] App\Logger.DEBUG: {"account_id":722,"example_token":1814} [] []
[2020-09-05T10:58:35.765510+00:00] App\Logger.DEBUG: {"account_id":768,"example_token":1642} [] []
[2020-09-05T10:58:35.766985+00:00] App\Logger.DEBUG: {"account_id":476,"example_token":1569} [] []
[2020-09-05T10:58:35.767050+00:00] App\Logger.DEBUG: {"account_id":633,"example_token":1042} [] []
[2020-09-05T10:58:35.766986+00:00] App\Logger.DEBUG: {"account_id":347,"example_token":1813} [] []
[2020-09-05T10:58:35.766986+00:00] App\Logger.DEBUG: {"account_id":312,"example_token":1711} [] []
[2020-09-05T10:58:35.767230+00:00] App\Logger.DEBUG: {"account_id":791,"example_token":1674} [] []
[2020-09-05T10:58:35.767219+00:00] App\Logger.DEBUG: {"account_id":486,"example_token":1183} [] []
[2020-09-05T10:58:35.767169+00:00] App\Logger.DEBUG: {"account_id":520,"example_token":1130} [] []
[2020-09-05T10:58:35.767284+00:00] App\Logger.DEBUG: {"account_id":530,"example_token":1811} [] []
[2020-09-05T10:58:35.767258+00:00] App\Logger.DEBUG: {"account_id":38,"example_token":1251} [] []
[2020-09-05T10:58:35.767470+00:00] App\Logger.DEBUG: {"account_id":187,"example_token":1388} [] []
[2020-09-05T10:58:35.767479+00:00] App\Logger.DEBUG: {"account_id":831,"example_token":1643} [] []
[2020-09-05T10:58:35.767527+00:00] App\Logger.DEBUG: {"account_id":998,"example_token":1701} [] []
[2020-09-05T10:58:35.767527+00:00] App\Logger.DEBUG: {"account_id":715,"example_token":1231} [] []
[2020-09-05T10:58:35.767658+00:00] App\Logger.DEBUG: {"account_id":846,"example_token":1298} [] []
[2020-09-05T10:58:35.767742+00:00] App\Logger.DEBUG: {"account_id":825,"example_token":1502} [] []
[2020-09-05T10:58:35.767764+00:00] App\Logger.DEBUG: {"account_id":893,"example_token":1577} [] []
[2020-09-05T10:58:35.767706+00:00] App\Logger.DEBUG: {"account_id":862,"example_token":1403} [] []
[2020-09-05T10:58:35.767975+00:00] App\Logger.DEBUG: {"account_id":137,"example_token":1179} [] []
[2020-09-05T10:58:35.767998+00:00] App\Logger.DEBUG: {"account_id":95,"example_token":1648} [] []
[2020-09-05T10:58:35.772479+00:00] App\Logger.DEBUG: {"account_id":503,"example_token":1758} [] []
[2020-09-05T10:58:35.772648+00:00] App\Logger.DEBUG: {"account_id":547,"example_token":1425} [] []
[2020-09-05T10:58:35.772956+00:00] App\Logger.DEBUG: {"account_id":104,"example_token":1318} [] []
[2020-09-05T10:58:35.773379+00:00] App\Logger.DEBUG: {"account_id":716,"example_token":1340} [] []
[2020-09-05T10:58:35.773764+00:00] App\Logger.DEBUG: {"account_id":651,"example_token":1040} [] []
[2020-09-05T10:58:35.774338+00:00] App\Logger.DEBUG: {"account_id":369,"example_token":1451} [] []
[2020-09-05T10:58:36.766496+00:00] App\Logger.DEBUG: {"account_id":374,"example_token":1643} [] []
[2020-09-05T10:58:36.766455+00:00] App\Logger.DEBUG: {"account_id":994,"example_token":1452} [] []
[2020-09-05T10:58:36.766512+00:00] App\Logger.DEBUG: {"account_id":548,"example_token":1700} [] []
[2020-09-05T10:58:36.766487+00:00] App\Logger.DEBUG: {"account_id":655,"example_token":1689} [] []
[2020-09-05T10:58:36.773737+00:00] App\Logger.DEBUG: {"account_id":162,"example_token":1026} [] []
[2020-09-05T10:58:36.773762+00:00] App\Logger.DEBUG: {"account_id":685,"example_token":1880} [] []
[2020-09-05T10:58:37.775546+00:00] App\Logger.DEBUG: {"account_id":621,"example_token":1068} [] []
[2020-09-05T10:58:37.776062+00:00] App\Logger.DEBUG: {"account_id":573,"example_token":1425} [] []
[2020-09-05T10:58:37.775859+00:00] App\Logger.DEBUG: {"account_id":931,"example_token":1648} [] []
[2020-09-05T10:58:37.776493+00:00] App\Logger.DEBUG: {"account_id":936,"example_token":1140} [] []
[2020-09-05T10:58:37.776321+00:00] App\Logger.DEBUG: {"account_id":402,"example_token":1285} [] []
[2020-09-05T10:58:37.777396+00:00] App\Logger.DEBUG: {"account_id":517,"example_token":1840} [] []
[2020-09-05T10:58:37.777396+00:00] App\Logger.DEBUG: {"account_id":832,"example_token":1349} [] []
[2020-09-05T10:58:37.777576+00:00] App\Logger.DEBUG: {"account_id":702,"example_token":1870} [] []
[2020-09-05T10:58:37.777821+00:00] App\Logger.DEBUG: {"account_id":377,"example_token":1561} [] []
[2020-09-05T10:58:37.777510+00:00] App\Logger.DEBUG: {"account_id":227,"example_token":1598} [] []
[2020-09-05T10:58:37.778155+00:00] App\Logger.DEBUG: {"account_id":647,"example_token":1539} [] []
[2020-09-05T10:58:37.778190+00:00] App\Logger.DEBUG: {"account_id":338,"example_token":1168} [] []
[2020-09-05T10:58:37.778199+00:00] App\Logger.DEBUG: {"account_id":96,"example_token":1101} [] []
[2020-09-05T10:58:37.778307+00:00] App\Logger.DEBUG: {"account_id":767,"example_token":1778} [] []
[2020-09-05T10:58:37.778705+00:00] App\Logger.DEBUG: {"account_id":939,"example_token":1074} [] []
[2020-09-05T10:58:37.778727+00:00] App\Logger.DEBUG: {"account_id":439,"example_token":1305} [] []
[2020-09-05T10:58:37.778811+00:00] App\Logger.DEBUG: {"account_id":403,"example_token":1337} [] []
[2020-09-05T10:58:37.778153+00:00] App\Logger.DEBUG: {"account_id":581,"example_token":1680} [] []
[2020-09-05T10:58:37.778989+00:00] App\Logger.DEBUG: {"account_id":301,"example_token":1240} [] []
[2020-09-05T10:58:37.778979+00:00] App\Logger.DEBUG: {"account_id":940,"example_token":1848} [] []
[2020-09-05T10:58:37.779223+00:00] App\Logger.DEBUG: {"account_id":575,"example_token":1583} [] []
[2020-09-05T10:58:37.779233+00:00] App\Logger.DEBUG: {"account_id":624,"example_token":1366} [] []
[2020-09-05T10:58:37.779778+00:00] App\Logger.DEBUG: {"account_id":329,"example_token":1065} [] []
[2020-09-05T10:58:37.781927+00:00] App\Logger.DEBUG: {"account_id":981,"example_token":1025} [] []
[2020-09-05T10:58:37.781935+00:00] App\Logger.DEBUG: {"account_id":802,"example_token":1456} [] []
[2020-09-05T10:58:37.781960+00:00] App\Logger.DEBUG: {"account_id":16,"example_token":1023} [] []
[2020-09-05T10:58:37.782107+00:00] App\Logger.DEBUG: {"account_id":1000,"example_token":1594} [] []
[2020-09-05T10:58:37.781944+00:00] App\Logger.DEBUG: {"account_id":916,"example_token":1031} [] []
[2020-09-05T10:58:37.782283+00:00] App\Logger.DEBUG: {"account_id":177,"example_token":1671} [] []
[2020-09-05T10:58:37.782375+00:00] App\Logger.DEBUG: {"account_id":422,"example_token":1056} [] []
[2020-09-05T10:58:37.787318+00:00] App\Logger.DEBUG: {"account_id":290,"example_token":1433} [] []
[2020-09-05T10:58:37.787359+00:00] App\Logger.DEBUG: {"account_id":809,"example_token":1930} [] []
[2020-09-05T10:58:38.781847+00:00] App\Logger.DEBUG: {"account_id":227,"example_token":1061} [] []
[2020-09-05T10:58:38.781847+00:00] App\Logger.DEBUG: {"account_id":936,"example_token":1334} [] []
[2020-09-05T10:58:38.781852+00:00] App\Logger.DEBUG: {"account_id":372,"example_token":1761} [] []
[2020-09-05T10:58:38.783398+00:00] App\Logger.DEBUG: {"account_id":439,"example_token":1782} [] []
[2020-09-05T10:58:38.785100+00:00] App\Logger.DEBUG: {"account_id":563,"example_token":1189} [] []
[2020-09-05T10:58:38.785324+00:00] App\Logger.DEBUG: {"account_id":305,"example_token":1433} [] []
[2020-09-05T10:58:38.788363+00:00] App\Logger.DEBUG: {"account_id":362,"example_token":1230} [] []
[2020-09-05T10:58:38.788369+00:00] App\Logger.DEBUG: {"account_id":232,"example_token":1522} [] []
[2020-09-05T10:58:38.783851+00:00] App\Logger.DEBUG: {"account_id":106,"example_token":1235} [] []
[2020-09-05T10:58:38.783479+00:00] App\Logger.DEBUG: {"account_id":444,"example_token":1602} [] []
[2020-09-05T10:58:38.783728+00:00] App\Logger.DEBUG: {"account_id":318,"example_token":1259} [] []
[2020-09-05T10:58:38.784031+00:00] App\Logger.DEBUG: {"account_id":630,"example_token":1331} [] []
[2020-09-05T10:58:38.784020+00:00] App\Logger.DEBUG: {"account_id":135,"example_token":1646} [] []
[2020-09-05T10:58:38.783911+00:00] App\Logger.DEBUG: {"account_id":179,"example_token":1040} [] []
[2020-09-05T10:58:38.783859+00:00] App\Logger.DEBUG: {"account_id":81,"example_token":1106} [] []
[2020-09-05T10:58:38.784456+00:00] App\Logger.DEBUG: {"account_id":519,"example_token":1546} [] []
[2020-09-05T10:58:38.784814+00:00] App\Logger.DEBUG: {"account_id":450,"example_token":1829} [] []
[2020-09-05T10:58:38.784835+00:00] App\Logger.DEBUG: {"account_id":564,"example_token":1681} [] []
[2020-09-05T10:58:38.784825+00:00] App\Logger.DEBUG: {"account_id":399,"example_token":1846} [] []
[2020-09-05T10:58:38.784814+00:00] App\Logger.DEBUG: {"account_id":879,"example_token":1068} [] []
[2020-09-05T10:58:38.784850+00:00] App\Logger.DEBUG: {"account_id":442,"example_token":1103} [] []
[2020-09-05T10:58:38.784069+00:00] App\Logger.DEBUG: {"account_id":215,"example_token":1924} [] []
[2020-09-05T10:58:38.784231+00:00] App\Logger.DEBUG: {"account_id":481,"example_token":1354} [] []
[2020-09-05T10:58:38.784208+00:00] App\Logger.DEBUG: {"account_id":667,"example_token":1682} [] []
[2020-09-05T10:58:38.784197+00:00] App\Logger.DEBUG: {"account_id":178,"example_token":1249} [] []
[2020-09-05T10:58:38.784337+00:00] App\Logger.DEBUG: {"account_id":226,"example_token":1564} [] []
[2020-09-05T10:58:38.784378+00:00] App\Logger.DEBUG: {"account_id":119,"example_token":1113} [] []
[2020-09-05T10:58:38.784359+00:00] App\Logger.DEBUG: {"account_id":322,"example_token":1082} [] []
[2020-09-05T10:58:38.784586+00:00] App\Logger.DEBUG: {"account_id":159,"example_token":1715} [] []
[2020-09-05T10:58:38.790099+00:00] App\Logger.DEBUG: {"account_id":640,"example_token":1109} [] []
[2020-09-05T10:58:38.791977+00:00] App\Logger.DEBUG: {"account_id":642,"example_token":1481} [] []
[2020-09-05T10:58:38.791976+00:00] App\Logger.DEBUG: {"account_id":941,"example_token":1424} [] []
[2020-09-05T10:58:39.786666+00:00] App\Logger.DEBUG: {"account_id":306,"example_token":1583} [] []
[2020-09-05T10:58:39.786668+00:00] App\Logger.DEBUG: {"account_id":512,"example_token":1129} [] []
[2020-09-05T10:58:39.786665+00:00] App\Logger.DEBUG: {"account_id":722,"example_token":1291} [] []
[2020-09-05T10:58:39.789602+00:00] App\Logger.DEBUG: {"account_id":81,"example_token":1638} [] []
[2020-09-05T10:58:39.791183+00:00] App\Logger.DEBUG: {"account_id":100,"example_token":1926} [] []
[2020-09-05T10:58:39.791485+00:00] App\Logger.DEBUG: {"account_id":71,"example_token":1076} [] []
[2020-09-05T10:58:39.791637+00:00] App\Logger.DEBUG: {"account_id":357,"example_token":1464} [] []
[2020-09-05T10:58:39.791848+00:00] App\Logger.DEBUG: {"account_id":679,"example_token":1669} [] []
[2020-09-05T10:58:39.792025+00:00] App\Logger.DEBUG: {"account_id":222,"example_token":1438} [] []
[2020-09-05T10:58:39.792248+00:00] App\Logger.DEBUG: {"account_id":807,"example_token":1770} [] []
[2020-09-05T10:58:39.792353+00:00] App\Logger.DEBUG: {"account_id":598,"example_token":1542} [] []
[2020-09-05T10:58:39.797402+00:00] App\Logger.DEBUG: {"account_id":907,"example_token":1333} [] []
[2020-09-05T10:58:39.797402+00:00] App\Logger.DEBUG: {"account_id":821,"example_token":1152} [] []
[2020-09-05T10:58:39.797631+00:00] App\Logger.DEBUG: {"account_id":912,"example_token":1691} [] []
[2020-09-05T10:58:39.797703+00:00] App\Logger.DEBUG: {"account_id":594,"example_token":1660} [] []
[2020-09-05T10:58:39.798187+00:00] App\Logger.DEBUG: {"account_id":814,"example_token":1230} [] []
[2020-09-05T10:58:39.798240+00:00] App\Logger.DEBUG: {"account_id":680,"example_token":1236} [] []
[2020-09-05T10:58:39.799035+00:00] App\Logger.DEBUG: {"account_id":433,"example_token":1865} [] []
[2020-09-05T10:58:39.799035+00:00] App\Logger.DEBUG: {"account_id":613,"example_token":1772} [] []
[2020-09-05T10:58:39.799066+00:00] App\Logger.DEBUG: {"account_id":48,"example_token":1962} [] []
[2020-09-05T10:58:39.799513+00:00] App\Logger.DEBUG: {"account_id":539,"example_token":1732} [] []
[2020-09-05T10:58:39.799491+00:00] App\Logger.DEBUG: {"account_id":280,"example_token":1808} [] []
[2020-09-05T10:58:39.799972+00:00] App\Logger.DEBUG: {"account_id":497,"example_token":1540} [] []
[2020-09-05T10:58:39.799952+00:00] App\Logger.DEBUG: {"account_id":2,"example_token":1706} [] []
[2020-09-05T10:58:39.800273+00:00] App\Logger.DEBUG: {"account_id":834,"example_token":1871} [] []
[2020-09-05T10:58:39.800592+00:00] App\Logger.DEBUG: {"account_id":817,"example_token":1147} [] []
[2020-09-05T10:58:39.800629+00:00] App\Logger.DEBUG: {"account_id":948,"example_token":1056} [] []
[2020-09-05T10:58:39.800629+00:00] App\Logger.DEBUG: {"account_id":541,"example_token":1446} [] []
[2020-09-05T10:58:39.798170+00:00] App\Logger.DEBUG: {"account_id":484,"example_token":1945} [] []
[2020-09-05T10:58:39.800273+00:00] App\Logger.DEBUG: {"account_id":247,"example_token":1993} [] []
[2020-09-05T10:58:39.799214+00:00] App\Logger.DEBUG: {"account_id":549,"example_token":1477} [] []
[2020-09-05T10:58:40.793843+00:00] App\Logger.DEBUG: {"account_id":108,"example_token":1604} [] []
[2020-09-05T10:58:40.793840+00:00] App\Logger.DEBUG: {"account_id":309,"example_token":1274} [] []
[2020-09-05T10:58:40.794150+00:00] App\Logger.DEBUG: {"account_id":189,"example_token":1887} [] []
[2020-09-05T10:58:40.793937+00:00] App\Logger.DEBUG: {"account_id":742,"example_token":1651} [] []
[2020-09-05T10:58:40.806218+00:00] App\Logger.DEBUG: {"account_id":484,"example_token":1137} [] []
[2020-09-05T10:58:41.809606+00:00] App\Logger.DEBUG: {"account_id":244,"example_token":1563} [] []
[2020-09-05T10:58:41.809606+00:00] App\Logger.DEBUG: {"account_id":567,"example_token":1289} [] []
[2020-09-05T10:58:41.809606+00:00] App\Logger.DEBUG: {"account_id":485,"example_token":1489} [] []
[2020-09-05T10:58:41.809606+00:00] App\Logger.DEBUG: {"account_id":482,"example_token":1203} [] []
[2020-09-05T10:58:41.809937+00:00] App\Logger.DEBUG: {"account_id":94,"example_token":1966} [] []
[2020-09-05T10:58:41.809939+00:00] App\Logger.DEBUG: {"account_id":153,"example_token":1899} [] []
[2020-09-05T10:58:41.810281+00:00] App\Logger.DEBUG: {"account_id":489,"example_token":1059} [] []
[2020-09-05T10:58:41.810332+00:00] App\Logger.DEBUG: {"account_id":904,"example_token":1301} [] []
[2020-09-05T10:58:41.810461+00:00] App\Logger.DEBUG: {"account_id":692,"example_token":1496} [] []
[2020-09-05T10:58:41.810479+00:00] App\Logger.DEBUG: {"account_id":715,"example_token":1738} [] []
[2020-09-05T10:58:41.810709+00:00] App\Logger.DEBUG: {"account_id":739,"example_token":1963} [] []
[2020-09-05T10:58:41.810710+00:00] App\Logger.DEBUG: {"account_id":300,"example_token":1073} [] []
[2020-09-05T10:58:41.810631+00:00] App\Logger.DEBUG: {"account_id":899,"example_token":1444} [] []
[2020-09-05T10:58:41.811207+00:00] App\Logger.DEBUG: {"account_id":629,"example_token":1233} [] []
[2020-09-05T10:58:41.811300+00:00] App\Logger.DEBUG: {"account_id":614,"example_token":1378} [] []
[2020-09-05T10:58:41.811215+00:00] App\Logger.DEBUG: {"account_id":776,"example_token":1344} [] []
[2020-09-05T10:58:41.811420+00:00] App\Logger.DEBUG: {"account_id":265,"example_token":1895} [] []
[2020-09-05T10:58:41.811122+00:00] App\Logger.DEBUG: {"account_id":532,"example_token":1218} [] []
[2020-09-05T10:58:41.811682+00:00] App\Logger.DEBUG: {"account_id":917,"example_token":1764} [] []
[2020-09-05T10:58:41.811842+00:00] App\Logger.DEBUG: {"account_id":309,"example_token":1402} [] []
[2020-09-05T10:58:41.812041+00:00] App\Logger.DEBUG: {"account_id":587,"example_token":1909} [] []
[2020-09-05T10:58:41.812039+00:00] App\Logger.DEBUG: {"account_id":128,"example_token":1089} [] []
[2020-09-05T10:58:41.812290+00:00] App\Logger.DEBUG: {"account_id":237,"example_token":1136} [] []
[2020-09-05T10:58:41.812304+00:00] App\Logger.DEBUG: {"account_id":507,"example_token":1246} [] []
[2020-09-05T10:58:41.812284+00:00] App\Logger.DEBUG: {"account_id":585,"example_token":1434} [] []
[2020-09-05T10:58:41.812520+00:00] App\Logger.DEBUG: {"account_id":74,"example_token":1679} [] []
[2020-09-05T10:58:41.812320+00:00] App\Logger.DEBUG: {"account_id":911,"example_token":1011} [] []
[2020-09-05T10:58:41.812852+00:00] App\Logger.DEBUG: {"account_id":903,"example_token":1852} [] []
[2020-09-05T10:58:41.812484+00:00] App\Logger.DEBUG: {"account_id":174,"example_token":1764} [] []
[2020-09-05T10:58:41.813258+00:00] App\Logger.DEBUG: {"account_id":847,"example_token":1403} [] []
[2020-09-05T10:58:41.813397+00:00] App\Logger.DEBUG: {"account_id":652,"example_token":1439} [] []
[2020-09-05T10:58:41.812557+00:00] App\Logger.DEBUG: {"account_id":981,"example_token":1625} [] []
[2020-09-05T10:58:42.815572+00:00] App\Logger.DEBUG: {"account_id":911,"example_token":1357} [] []
[2020-09-05T10:58:42.815572+00:00] App\Logger.DEBUG: {"account_id":128,"example_token":1947} [] []
[2020-09-05T10:58:42.815572+00:00] App\Logger.DEBUG: {"account_id":739,"example_token":1250} [] []
[2020-09-05T10:58:42.815572+00:00] App\Logger.DEBUG: {"account_id":814,"example_token":1578} [] []
[2020-09-05T10:58:42.815744+00:00] App\Logger.DEBUG: {"account_id":768,"example_token":1140} [] []
[2020-09-05T10:58:42.815983+00:00] App\Logger.DEBUG: {"account_id":518,"example_token":1774} [] []
[2020-09-05T10:58:42.816142+00:00] App\Logger.DEBUG: {"account_id":384,"example_token":1620} [] []
[2020-09-05T10:58:42.816191+00:00] App\Logger.DEBUG: {"account_id":821,"example_token":1155} [] []
[2020-09-05T10:58:42.816182+00:00] App\Logger.DEBUG: {"account_id":380,"example_token":1655} [] []
[2020-09-05T10:58:42.816085+00:00] App\Logger.DEBUG: {"account_id":638,"example_token":1739} [] []
[2020-09-05T10:58:42.816414+00:00] App\Logger.DEBUG: {"account_id":968,"example_token":1106} [] []
[2020-09-05T10:58:42.819804+00:00] App\Logger.DEBUG: {"account_id":966,"example_token":1760} [] []
[2020-09-05T10:58:42.819804+00:00] App\Logger.DEBUG: {"account_id":726,"example_token":1856} [] []
[2020-09-05T10:58:42.819805+00:00] App\Logger.DEBUG: {"account_id":455,"example_token":1245} [] []
[2020-09-05T10:58:42.819805+00:00] App\Logger.DEBUG: {"account_id":257,"example_token":1097} [] []
[2020-09-05T10:58:42.820068+00:00] App\Logger.DEBUG: {"account_id":495,"example_token":1586} [] []
[2020-09-05T10:58:42.820070+00:00] App\Logger.DEBUG: {"account_id":272,"example_token":1473} [] []
[2020-09-05T10:58:42.820070+00:00] App\Logger.DEBUG: {"account_id":839,"example_token":1993} [] []
[2020-09-05T10:58:42.820267+00:00] App\Logger.DEBUG: {"account_id":217,"example_token":1036} [] []
[2020-09-05T10:58:42.820267+00:00] App\Logger.DEBUG: {"account_id":789,"example_token":1211} [] []
[2020-09-05T10:58:42.820328+00:00] App\Logger.DEBUG: {"account_id":413,"example_token":1614} [] []
[2020-09-05T10:58:42.820297+00:00] App\Logger.DEBUG: {"account_id":197,"example_token":1768} [] []
[2020-09-05T10:58:42.820450+00:00] App\Logger.DEBUG: {"account_id":169,"example_token":1239} [] []
[2020-09-05T10:58:42.820509+00:00] App\Logger.DEBUG: {"account_id":7,"example_token":1344} [] []
[2020-09-05T10:58:42.820483+00:00] App\Logger.DEBUG: {"account_id":164,"example_token":1150} [] []
[2020-09-05T10:58:42.820678+00:00] App\Logger.DEBUG: {"account_id":884,"example_token":1616} [] []
[2020-09-05T10:58:42.821652+00:00] App\Logger.DEBUG: {"account_id":808,"example_token":1788} [] []
[2020-09-05T10:58:42.821652+00:00] App\Logger.DEBUG: {"account_id":345,"example_token":1151} [] []
[2020-09-05T10:58:42.821659+00:00] App\Logger.DEBUG: {"account_id":927,"example_token":1358} [] []
[2020-09-05T10:58:42.821835+00:00] App\Logger.DEBUG: {"account_id":29,"example_token":1684} [] []
[2020-09-05T10:58:42.821835+00:00] App\Logger.DEBUG: {"account_id":731,"example_token":1503} [] []
[2020-09-05T10:58:42.821729+00:00] App\Logger.DEBUG: {"account_id":826,"example_token":1604} [] []
[2020-09-05T10:58:43.819457+00:00] App\Logger.DEBUG: {"account_id":380,"example_token":1193} [] []
[2020-09-05T10:58:43.819559+00:00] App\Logger.DEBUG: {"account_id":982,"example_token":1729} [] []
[2020-09-05T10:58:43.819457+00:00] App\Logger.DEBUG: {"account_id":208,"example_token":1651} [] []
[2020-09-05T10:58:43.819499+00:00] App\Logger.DEBUG: {"account_id":873,"example_token":1853} [] []
[2020-09-05T10:58:43.819869+00:00] App\Logger.DEBUG: {"account_id":259,"example_token":1503} [] []
[2020-09-05T10:58:43.819981+00:00] App\Logger.DEBUG: {"account_id":437,"example_token":1573} [] []
[2020-09-05T10:58:43.820066+00:00] App\Logger.DEBUG: {"account_id":152,"example_token":1537} [] []
[2020-09-05T10:58:43.820076+00:00] App\Logger.DEBUG: {"account_id":246,"example_token":1199} [] []
[2020-09-05T10:58:43.819838+00:00] App\Logger.DEBUG: {"account_id":301,"example_token":1139} [] []
[2020-09-05T10:58:43.820477+00:00] App\Logger.DEBUG: {"account_id":796,"example_token":1023} [] []
[2020-09-05T10:58:43.820548+00:00] App\Logger.DEBUG: {"account_id":561,"example_token":1393} [] []
[2020-09-05T10:58:43.820653+00:00] App\Logger.DEBUG: {"account_id":272,"example_token":1548} [] []
[2020-09-05T10:58:43.821605+00:00] App\Logger.DEBUG: {"account_id":90,"example_token":1088} [] []
[2020-09-05T10:58:43.822300+00:00] App\Logger.DEBUG: {"account_id":893,"example_token":1962} [] []
[2020-09-05T10:58:43.822701+00:00] App\Logger.DEBUG: {"account_id":804,"example_token":1286} [] []
[2020-09-05T10:58:43.822773+00:00] App\Logger.DEBUG: {"account_id":436,"example_token":1297} [] []
[2020-09-05T10:58:43.823119+00:00] App\Logger.DEBUG: {"account_id":930,"example_token":1729} [] []
[2020-09-05T10:58:43.823228+00:00] App\Logger.DEBUG: {"account_id":962,"example_token":1852} [] []
[2020-09-05T10:58:43.823459+00:00] App\Logger.DEBUG: {"account_id":409,"example_token":1113} [] []
[2020-09-05T10:58:43.823638+00:00] App\Logger.DEBUG: {"account_id":410,"example_token":1477} [] []
[2020-09-05T10:58:43.823804+00:00] App\Logger.DEBUG: {"account_id":786,"example_token":1800} [] []
[2020-09-05T10:58:43.824049+00:00] App\Logger.DEBUG: {"account_id":541,"example_token":1283} [] []
[2020-09-05T10:58:43.824255+00:00] App\Logger.DEBUG: {"account_id":855,"example_token":1806} [] []
[2020-09-05T10:58:43.824559+00:00] App\Logger.DEBUG: {"account_id":991,"example_token":1664} [] []
[2020-09-05T10:58:43.824792+00:00] App\Logger.DEBUG: {"account_id":745,"example_token":1830} [] []
[2020-09-05T10:58:43.830352+00:00] App\Logger.DEBUG: {"account_id":564,"example_token":1443} [] []
[2020-09-05T10:58:43.830347+00:00] App\Logger.DEBUG: {"account_id":310,"example_token":1298} [] []
[2020-09-05T10:58:43.830347+00:00] App\Logger.DEBUG: {"account_id":271,"example_token":1163} [] []
[2020-09-05T10:58:43.830352+00:00] App\Logger.DEBUG: {"account_id":144,"example_token":1355} [] []
[2020-09-05T10:58:44.823891+00:00] App\Logger.DEBUG: {"account_id":796,"example_token":1669} [] []
[2020-09-05T10:58:44.823891+00:00] App\Logger.DEBUG: {"account_id":840,"example_token":1213} [] []
[2020-09-05T10:58:44.826846+00:00] App\Logger.DEBUG: {"account_id":962,"example_token":1885} [] []
[2020-09-05T10:58:44.826742+00:00] App\Logger.DEBUG: {"account_id":563,"example_token":1058} [] []
[2020-09-05T10:58:44.826799+00:00] App\Logger.DEBUG: {"account_id":386,"example_token":1667} [] []
[2020-09-05T10:58:44.826989+00:00] App\Logger.DEBUG: {"account_id":648,"example_token":1702} [] []
[2020-09-05T10:58:44.826742+00:00] App\Logger.DEBUG: {"account_id":10,"example_token":1845} [] []
[2020-09-05T10:58:45.830970+00:00] App\Logger.DEBUG: {"account_id":401,"example_token":1447} [] []
[2020-09-05T10:58:45.830970+00:00] App\Logger.DEBUG: {"account_id":955,"example_token":1247} [] []
[2020-09-05T10:58:45.831332+00:00] App\Logger.DEBUG: {"account_id":113,"example_token":1822} [] []
[2020-09-05T10:58:45.831412+00:00] App\Logger.DEBUG: {"account_id":676,"example_token":1800} [] []
[2020-09-05T10:58:45.831723+00:00] App\Logger.DEBUG: {"account_id":367,"example_token":1414} [] []
[2020-09-05T10:58:45.831831+00:00] App\Logger.DEBUG: {"account_id":1000,"example_token":1521} [] []
[2020-09-05T10:58:45.832145+00:00] App\Logger.DEBUG: {"account_id":738,"example_token":1519} [] []
[2020-09-05T10:58:45.832075+00:00] App\Logger.DEBUG: {"account_id":607,"example_token":1387} [] []
[2020-09-05T10:58:45.832315+00:00] App\Logger.DEBUG: {"account_id":16,"example_token":1165} [] []
[2020-09-05T10:58:45.832326+00:00] App\Logger.DEBUG: {"account_id":951,"example_token":1995} [] []
[2020-09-05T10:58:45.832158+00:00] App\Logger.DEBUG: {"account_id":481,"example_token":1086} [] []
[2020-09-05T10:58:45.832517+00:00] App\Logger.DEBUG: {"account_id":723,"example_token":1284} [] []
[2020-09-05T10:58:45.832643+00:00] App\Logger.DEBUG: {"account_id":788,"example_token":1261} [] []
[2020-09-05T10:58:45.832697+00:00] App\Logger.DEBUG: {"account_id":876,"example_token":1486} [] []
[2020-09-05T10:58:45.832816+00:00] App\Logger.DEBUG: {"account_id":498,"example_token":1362} [] []
[2020-09-05T10:58:45.832953+00:00] App\Logger.DEBUG: {"account_id":833,"example_token":1130} [] []
[2020-09-05T10:58:45.833223+00:00] App\Logger.DEBUG: {"account_id":816,"example_token":1418} [] []
[2020-09-05T10:58:45.833236+00:00] App\Logger.DEBUG: {"account_id":293,"example_token":1858} [] []
[2020-09-05T10:58:45.833289+00:00] App\Logger.DEBUG: {"account_id":3,"example_token":1331} [] []
[2020-09-05T10:58:45.833622+00:00] App\Logger.DEBUG: {"account_id":534,"example_token":1576} [] []
[2020-09-05T10:58:45.833612+00:00] App\Logger.DEBUG: {"account_id":783,"example_token":1424} [] []
[2020-09-05T10:58:45.833712+00:00] App\Logger.DEBUG: {"account_id":837,"example_token":1607} [] []
[2020-09-05T10:58:45.833716+00:00] App\Logger.DEBUG: {"account_id":326,"example_token":1753} [] []
[2020-09-05T10:58:45.834004+00:00] App\Logger.DEBUG: {"account_id":281,"example_token":1390} [] []
[2020-09-05T10:58:45.834074+00:00] App\Logger.DEBUG: {"account_id":573,"example_token":1764} [] []
[2020-09-05T10:58:45.834118+00:00] App\Logger.DEBUG: {"account_id":980,"example_token":1622} [] []
[2020-09-05T10:58:45.832722+00:00] App\Logger.DEBUG: {"account_id":882,"example_token":1395} [] []
[2020-09-05T10:58:45.834092+00:00] App\Logger.DEBUG: {"account_id":226,"example_token":1971} [] []
[2020-09-05T10:58:45.834242+00:00] App\Logger.DEBUG: {"account_id":38,"example_token":1963} [] []
[2020-09-05T10:58:45.834326+00:00] App\Logger.DEBUG: {"account_id":252,"example_token":1707} [] []
[2020-09-05T10:58:45.834655+00:00] App\Logger.DEBUG: {"account_id":551,"example_token":1220} [] []
[2020-09-05T10:58:45.834738+00:00] App\Logger.DEBUG: {"account_id":199,"example_token":1740} [] []
[2020-09-05T10:58:46.837021+00:00] App\Logger.DEBUG: {"account_id":498,"example_token":1245} [] []
[2020-09-05T10:58:46.838097+00:00] App\Logger.DEBUG: {"account_id":199,"example_token":1692} [] []
[2020-09-05T10:58:46.838049+00:00] App\Logger.DEBUG: {"account_id":916,"example_token":1990} [] []
[2020-09-05T10:58:46.838056+00:00] App\Logger.DEBUG: {"account_id":422,"example_token":1617} [] []
[2020-09-05T10:58:46.838044+00:00] App\Logger.DEBUG: {"account_id":75,"example_token":1435} [] []
[2020-09-05T10:58:46.838244+00:00] App\Logger.DEBUG: {"account_id":644,"example_token":1737} [] []
[2020-09-05T10:58:46.838436+00:00] App\Logger.DEBUG: {"account_id":18,"example_token":1899} [] []
[2020-09-05T10:58:46.838756+00:00] App\Logger.DEBUG: {"account_id":126,"example_token":1745} [] []
[2020-09-05T10:58:46.839152+00:00] App\Logger.DEBUG: {"account_id":919,"example_token":1628} [] []
[2020-09-05T10:58:46.839110+00:00] App\Logger.DEBUG: {"account_id":667,"example_token":1235} [] []
[2020-09-05T10:58:46.839294+00:00] App\Logger.DEBUG: {"account_id":425,"example_token":1433} [] []
[2020-09-05T10:58:46.839490+00:00] App\Logger.DEBUG: {"account_id":450,"example_token":1532} [] []
[2020-09-05T10:58:46.839700+00:00] App\Logger.DEBUG: {"account_id":73,"example_token":1748} [] []
[2020-09-05T10:58:46.840064+00:00] App\Logger.DEBUG: {"account_id":373,"example_token":1690} [] []
[2020-09-05T10:58:46.840066+00:00] App\Logger.DEBUG: {"account_id":525,"example_token":1807} [] []
[2020-09-05T10:58:46.840422+00:00] App\Logger.DEBUG: {"account_id":830,"example_token":1385} [] []
[2020-09-05T10:58:46.840512+00:00] App\Logger.DEBUG: {"account_id":572,"example_token":1373} [] []
[2020-09-05T10:58:46.840708+00:00] App\Logger.DEBUG: {"account_id":555,"example_token":1008} [] []
[2020-09-05T10:58:46.840838+00:00] App\Logger.DEBUG: {"account_id":494,"example_token":1974} [] []
[2020-09-05T10:58:46.841189+00:00] App\Logger.DEBUG: {"account_id":946,"example_token":1702} [] []
[2020-09-05T10:58:46.841424+00:00] App\Logger.DEBUG: {"account_id":448,"example_token":1808} [] []
[2020-09-05T10:58:46.841338+00:00] App\Logger.DEBUG: {"account_id":296,"example_token":1921} [] []
[2020-09-05T10:58:46.841602+00:00] App\Logger.DEBUG: {"account_id":505,"example_token":1429} [] []
[2020-09-05T10:58:46.841772+00:00] App\Logger.DEBUG: {"account_id":158,"example_token":1837} [] []
[2020-09-05T10:58:46.841937+00:00] App\Logger.DEBUG: {"account_id":854,"example_token":1839} [] []
[2020-09-05T10:58:46.842122+00:00] App\Logger.DEBUG: {"account_id":153,"example_token":1822} [] []
[2020-09-05T10:58:46.842326+00:00] App\Logger.DEBUG: {"account_id":935,"example_token":1780} [] []
[2020-09-05T10:58:46.842524+00:00] App\Logger.DEBUG: {"account_id":145,"example_token":1608} [] []
[2020-09-05T10:58:46.842505+00:00] App\Logger.DEBUG: {"account_id":129,"example_token":1550} [] []
[2020-09-05T10:58:46.842664+00:00] App\Logger.DEBUG: {"account_id":264,"example_token":1208} [] []
[2020-09-05T10:58:46.842770+00:00] App\Logger.DEBUG: {"account_id":895,"example_token":1489} [] []
[2020-09-05T10:58:46.842994+00:00] App\Logger.DEBUG: {"account_id":760,"example_token":1144} [] []
[2020-09-05T10:58:47.843154+00:00] App\Logger.DEBUG: {"account_id":195,"example_token":1020} [] []
[2020-09-05T10:58:47.843154+00:00] App\Logger.DEBUG: {"account_id":288,"example_token":1719} [] []
[2020-09-05T10:58:47.843154+00:00] App\Logger.DEBUG: {"account_id":527,"example_token":1087} [] []
[2020-09-05T10:58:47.843480+00:00] App\Logger.DEBUG: {"account_id":448,"example_token":1359} [] []
[2020-09-05T10:58:47.843642+00:00] App\Logger.DEBUG: {"account_id":505,"example_token":1936} [] []
[2020-09-05T10:58:47.843656+00:00] App\Logger.DEBUG: {"account_id":158,"example_token":1877} [] []
[2020-09-05T10:58:47.843480+00:00] App\Logger.DEBUG: {"account_id":355,"example_token":1657} [] []
[2020-09-05T10:58:47.843821+00:00] App\Logger.DEBUG: {"account_id":110,"example_token":1662} [] []
[2020-09-05T10:58:47.843929+00:00] App\Logger.DEBUG: {"account_id":361,"example_token":1018} [] []
[2020-09-05T10:58:47.843839+00:00] App\Logger.DEBUG: {"account_id":929,"example_token":1668} [] []
[2020-09-05T10:58:47.843348+00:00] App\Logger.DEBUG: {"account_id":660,"example_token":1817} [] []
[2020-09-05T10:58:47.844183+00:00] App\Logger.DEBUG: {"account_id":417,"example_token":1347} [] []
[2020-09-05T10:58:47.844046+00:00] App\Logger.DEBUG: {"account_id":82,"example_token":1184} [] []
[2020-09-05T10:58:47.844507+00:00] App\Logger.DEBUG: {"account_id":506,"example_token":1195} [] []
[2020-09-05T10:58:47.844564+00:00] App\Logger.DEBUG: {"account_id":7,"example_token":1690} [] []
[2020-09-05T10:58:47.844650+00:00] App\Logger.DEBUG: {"account_id":681,"example_token":1771} [] []
[2020-09-05T10:58:47.844823+00:00] App\Logger.DEBUG: {"account_id":353,"example_token":1823} [] []
[2020-09-05T10:58:47.845050+00:00] App\Logger.DEBUG: {"account_id":101,"example_token":1914} [] []
[2020-09-05T10:58:47.845279+00:00] App\Logger.DEBUG: {"account_id":62,"example_token":1576} [] []
[2020-09-05T10:58:47.845268+00:00] App\Logger.DEBUG: {"account_id":133,"example_token":1283} [] []
[2020-09-05T10:58:47.845572+00:00] App\Logger.DEBUG: {"account_id":465,"example_token":1854} [] []
[2020-09-05T10:58:47.845452+00:00] App\Logger.DEBUG: {"account_id":868,"example_token":1964} [] []
[2020-09-05T10:58:47.845580+00:00] App\Logger.DEBUG: {"account_id":496,"example_token":1142} [] []
[2020-09-05T10:58:47.845551+00:00] App\Logger.DEBUG: {"account_id":799,"example_token":1742} [] []
[2020-09-05T10:58:47.845772+00:00] App\Logger.DEBUG: {"account_id":416,"example_token":1838} [] []
[2020-09-05T10:58:47.845879+00:00] App\Logger.DEBUG: {"account_id":939,"example_token":1468} [] []
[2020-09-05T10:58:47.846540+00:00] App\Logger.DEBUG: {"account_id":19,"example_token":1389} [] []
[2020-09-05T10:58:47.846078+00:00] App\Logger.DEBUG: {"account_id":748,"example_token":1463} [] []
[2020-09-05T10:58:47.846750+00:00] App\Logger.DEBUG: {"account_id":996,"example_token":1972} [] []
[2020-09-05T10:58:47.846959+00:00] App\Logger.DEBUG: {"account_id":251,"example_token":1716} [] []
[2020-09-05T10:58:47.847349+00:00] App\Logger.DEBUG: {"account_id":753,"example_token":1410} [] []
[2020-09-05T10:58:48.852283+00:00] App\Logger.DEBUG: {"account_id":757,"example_token":1938} [] []
[2020-09-05T10:58:48.852283+00:00] App\Logger.DEBUG: {"account_id":65,"example_token":1730} [] []
[2020-09-05T10:58:48.852283+00:00] App\Logger.DEBUG: {"account_id":777,"example_token":1802} [] []
[2020-09-05T10:58:48.852472+00:00] App\Logger.DEBUG: {"account_id":743,"example_token":1086} [] []
[2020-09-05T10:58:49.856479+00:00] App\Logger.DEBUG: {"account_id":743,"example_token":1392} [] []
[2020-09-05T10:58:50.858134+00:00] App\Logger.DEBUG: {"account_id":613,"example_token":1410} [] []
[2020-09-05T10:58:50.858801+00:00] App\Logger.DEBUG: {"account_id":561,"example_token":1094} [] []
[2020-09-05T10:58:50.858801+00:00] App\Logger.DEBUG: {"account_id":186,"example_token":1737} [] []
[2020-09-05T10:58:50.858802+00:00] App\Logger.DEBUG: {"account_id":343,"example_token":1585} [] []
[2020-09-05T10:58:50.859042+00:00] App\Logger.DEBUG: {"account_id":843,"example_token":1283} [] []
[2020-09-05T10:58:50.859102+00:00] App\Logger.DEBUG: {"account_id":219,"example_token":1809} [] []
[2020-09-05T10:58:50.859281+00:00] App\Logger.DEBUG: {"account_id":297,"example_token":1149} [] []
[2020-09-05T10:58:50.864543+00:00] App\Logger.DEBUG: {"account_id":254,"example_token":1658} [] []
[2020-09-05T10:58:50.864511+00:00] App\Logger.DEBUG: {"account_id":823,"example_token":1538} [] []
[2020-09-05T10:58:50.864542+00:00] App\Logger.DEBUG: {"account_id":448,"example_token":1037} [] []
[2020-09-05T10:58:50.864511+00:00] App\Logger.DEBUG: {"account_id":964,"example_token":1877} [] []
[2020-09-05T10:58:50.864797+00:00] App\Logger.DEBUG: {"account_id":201,"example_token":1882} [] []
[2020-09-05T10:58:50.864794+00:00] App\Logger.DEBUG: {"account_id":403,"example_token":1275} [] []
[2020-09-05T10:58:50.865025+00:00] App\Logger.DEBUG: {"account_id":584,"example_token":1718} [] []
[2020-09-05T10:58:50.865045+00:00] App\Logger.DEBUG: {"account_id":95,"example_token":1789} [] []
[2020-09-05T10:58:50.865165+00:00] App\Logger.DEBUG: {"account_id":544,"example_token":1193} [] []
[2020-09-05T10:58:50.865229+00:00] App\Logger.DEBUG: {"account_id":518,"example_token":1104} [] []
[2020-09-05T10:58:50.865308+00:00] App\Logger.DEBUG: {"account_id":569,"example_token":1917} [] []
[2020-09-05T10:58:50.865362+00:00] App\Logger.DEBUG: {"account_id":649,"example_token":1926} [] []
[2020-09-05T10:58:50.865454+00:00] App\Logger.DEBUG: {"account_id":873,"example_token":1503} [] []
[2020-09-05T10:58:50.865630+00:00] App\Logger.DEBUG: {"account_id":444,"example_token":1785} [] []
[2020-09-05T10:58:50.864794+00:00] App\Logger.DEBUG: {"account_id":531,"example_token":1716} [] []
[2020-09-05T10:58:50.865625+00:00] App\Logger.DEBUG: {"account_id":568,"example_token":1785} [] []
[2020-09-05T10:58:50.865840+00:00] App\Logger.DEBUG: {"account_id":632,"example_token":1349} [] []
[2020-09-05T10:58:50.866798+00:00] App\Logger.DEBUG: {"account_id":971,"example_token":1748} [] []
[2020-09-05T10:58:50.866858+00:00] App\Logger.DEBUG: {"account_id":251,"example_token":1694} [] []
[2020-09-05T10:58:50.866964+00:00] App\Logger.DEBUG: {"account_id":252,"example_token":1530} [] []
[2020-09-05T10:58:50.867025+00:00] App\Logger.DEBUG: {"account_id":320,"example_token":1478} [] []
[2020-09-05T10:58:50.867200+00:00] App\Logger.DEBUG: {"account_id":46,"example_token":1345} [] []
[2020-09-05T10:58:50.867236+00:00] App\Logger.DEBUG: {"account_id":124,"example_token":1455} [] []
[2020-09-05T10:58:50.867357+00:00] App\Logger.DEBUG: {"account_id":14,"example_token":1030} [] []
[2020-09-05T10:58:50.866863+00:00] App\Logger.DEBUG: {"account_id":60,"example_token":1038} [] []
[2020-09-05T10:58:51.863048+00:00] App\Logger.DEBUG: {"account_id":542,"example_token":1022} [] []
[2020-09-05T10:58:51.863525+00:00] App\Logger.DEBUG: {"account_id":343,"example_token":1596} [] []
[2020-09-05T10:58:51.863541+00:00] App\Logger.DEBUG: {"account_id":316,"example_token":1377} [] []
[2020-09-05T10:58:51.863774+00:00] App\Logger.DEBUG: {"account_id":840,"example_token":1354} [] []
[2020-09-05T10:58:51.863817+00:00] App\Logger.DEBUG: {"account_id":330,"example_token":1151} [] []
[2020-09-05T10:58:51.863778+00:00] App\Logger.DEBUG: {"account_id":406,"example_token":1453} [] []
[2020-09-05T10:58:51.863811+00:00] App\Logger.DEBUG: {"account_id":485,"example_token":1955} [] []
[2020-09-05T10:58:51.869314+00:00] App\Logger.DEBUG: {"account_id":964,"example_token":1383} [] []
[2020-09-05T10:58:51.869313+00:00] App\Logger.DEBUG: {"account_id":657,"example_token":1838} [] []
[2020-09-05T10:58:51.869348+00:00] App\Logger.DEBUG: {"account_id":757,"example_token":1084} [] []
[2020-09-05T10:58:51.869602+00:00] App\Logger.DEBUG: {"account_id":691,"example_token":1512} [] []
[2020-09-05T10:58:51.869671+00:00] App\Logger.DEBUG: {"account_id":506,"example_token":1439} [] []
[2020-09-05T10:58:51.869663+00:00] App\Logger.DEBUG: {"account_id":481,"example_token":1765} [] []
[2020-09-05T10:58:51.869663+00:00] App\Logger.DEBUG: {"account_id":675,"example_token":1552} [] []
[2020-09-05T10:58:51.869388+00:00] App\Logger.DEBUG: {"account_id":472,"example_token":1016} [] []
[2020-09-05T10:58:51.869959+00:00] App\Logger.DEBUG: {"account_id":529,"example_token":1775} [] []
[2020-09-05T10:58:51.870072+00:00] App\Logger.DEBUG: {"account_id":488,"example_token":1897} [] []
[2020-09-05T10:58:51.870337+00:00] App\Logger.DEBUG: {"account_id":151,"example_token":1720} [] []
[2020-09-05T10:58:51.870460+00:00] App\Logger.DEBUG: {"account_id":387,"example_token":1406} [] []
[2020-09-05T10:58:51.870395+00:00] App\Logger.DEBUG: {"account_id":137,"example_token":1686} [] []
[2020-09-05T10:58:51.870841+00:00] App\Logger.DEBUG: {"account_id":111,"example_token":1608} [] []
[2020-09-05T10:58:51.874465+00:00] App\Logger.DEBUG: {"account_id":429,"example_token":1086} [] []
[2020-09-05T10:58:51.874476+00:00] App\Logger.DEBUG: {"account_id":338,"example_token":1293} [] []
[2020-09-05T10:58:51.874545+00:00] App\Logger.DEBUG: {"account_id":555,"example_token":1785} [] []
[2020-09-05T10:58:51.874553+00:00] App\Logger.DEBUG: {"account_id":643,"example_token":1152} [] []
[2020-09-05T10:58:51.874689+00:00] App\Logger.DEBUG: {"account_id":895,"example_token":1405} [] []
[2020-09-05T10:58:51.874750+00:00] App\Logger.DEBUG: {"account_id":604,"example_token":1012} [] []
[2020-09-05T10:58:51.874799+00:00] App\Logger.DEBUG: {"account_id":556,"example_token":1696} [] []
[2020-09-05T10:58:51.874828+00:00] App\Logger.DEBUG: {"account_id":610,"example_token":1376} [] []
[2020-09-05T10:58:51.874915+00:00] App\Logger.DEBUG: {"account_id":359,"example_token":1813} [] []
[2020-09-05T10:58:51.874949+00:00] App\Logger.DEBUG: {"account_id":211,"example_token":1218} [] []
[2020-09-05T10:58:51.874983+00:00] App\Logger.DEBUG: {"account_id":923,"example_token":1900} [] []
[2020-09-05T10:58:52.308767+00:00] App\Logger.DEBUG: {"account_id":5,"example_token":1065} [] []
[2020-09-05T10:58:52.308807+00:00] App\Logger.DEBUG: {"account_id":562,"example_token":1186} [] []
[2020-09-05T10:58:52.308944+00:00] App\Logger.DEBUG: {"account_id":940,"example_token":1023} [] []
[2020-09-05T10:58:52.308987+00:00] App\Logger.DEBUG: {"account_id":587,"example_token":1782} [] []
[2020-09-05T10:58:52.309190+00:00] App\Logger.DEBUG: {"account_id":217,"example_token":1061} [] []
[2020-09-05T10:58:52.309204+00:00] App\Logger.DEBUG: {"account_id":648,"example_token":1205} [] []
[2020-09-05T10:58:52.309247+00:00] App\Logger.DEBUG: {"account_id":62,"example_token":1238} [] []
[2020-09-05T10:58:52.309399+00:00] App\Logger.DEBUG: {"account_id":277,"example_token":1236} [] []
[2020-09-05T10:58:52.309478+00:00] App\Logger.DEBUG: {"account_id":589,"example_token":1120} [] []
[2020-09-05T10:58:52.309444+00:00] App\Logger.DEBUG: {"account_id":698,"example_token":1758} [] []
[2020-09-05T10:58:52.309504+00:00] App\Logger.DEBUG: {"account_id":678,"example_token":1832} [] []
[2020-09-05T10:58:52.309633+00:00] App\Logger.DEBUG: {"account_id":790,"example_token":1033} [] []
[2020-09-05T10:58:52.309706+00:00] App\Logger.DEBUG: {"account_id":985,"example_token":1022} [] []
[2020-09-05T10:58:52.309823+00:00] App\Logger.DEBUG: {"account_id":477,"example_token":1267} [] []
[2020-09-05T10:58:52.309915+00:00] App\Logger.DEBUG: {"account_id":248,"example_token":1235} [] []
[2020-09-05T10:58:52.309976+00:00] App\Logger.DEBUG: {"account_id":155,"example_token":1129} [] []
[2020-09-05T10:58:52.310056+00:00] App\Logger.DEBUG: {"account_id":605,"example_token":1961} [] []
[2020-09-05T10:58:52.310145+00:00] App\Logger.DEBUG: {"account_id":88,"example_token":1426} [] []
[2020-09-05T10:58:52.310107+00:00] App\Logger.DEBUG: {"account_id":753,"example_token":1929} [] []
[2020-09-05T10:58:52.310294+00:00] App\Logger.DEBUG: {"account_id":322,"example_token":1887} [] []
[2020-09-05T10:58:52.310377+00:00] App\Logger.DEBUG: {"account_id":811,"example_token":1939} [] []
[2020-09-05T10:58:52.310442+00:00] App\Logger.DEBUG: {"account_id":858,"example_token":1375} [] []
[2020-09-05T10:58:52.310519+00:00] App\Logger.DEBUG: {"account_id":410,"example_token":1765} [] []
[2020-09-05T10:58:52.310614+00:00] App\Logger.DEBUG: {"account_id":857,"example_token":1427} [] []
[2020-09-05T10:58:52.310572+00:00] App\Logger.DEBUG: {"account_id":152,"example_token":1768} [] []
[2020-09-05T10:58:52.310743+00:00] App\Logger.DEBUG: {"account_id":977,"example_token":1339} [] []
[2020-09-05T10:58:52.310794+00:00] App\Logger.DEBUG: {"account_id":460,"example_token":1068} [] []
[2020-09-05T10:58:52.310911+00:00] App\Logger.DEBUG: {"account_id":580,"example_token":1309} [] []
[2020-09-05T10:58:52.310977+00:00] App\Logger.DEBUG: {"account_id":373,"example_token":1736} [] []
[2020-09-05T10:58:52.310922+00:00] App\Logger.DEBUG: {"account_id":947,"example_token":1340} [] []
[2020-09-05T10:58:52.311107+00:00] App\Logger.DEBUG: {"account_id":274,"example_token":1234} [] []
[2020-09-05T10:58:52.311143+00:00] App\Logger.DEBUG: {"account_id":218,"example_token":1344} [] []
[2020-09-05T10:58:53.311586+00:00] App\Logger.DEBUG: {"account_id":857,"example_token":1980} [] []
